{"/home/travis/build/npmtest/node-npmtest-rx-lite/test.js":{"path":"/home/travis/build/npmtest/node-npmtest-rx-lite/test.js","s":{"1":2,"2":2,"3":2,"4":2,"5":2,"6":2,"7":2,"8":1,"9":2,"10":2,"11":1,"12":1,"13":1,"14":1,"15":2,"16":2,"17":2,"18":2,"19":1,"20":1,"21":2,"22":2,"23":2,"24":1,"25":1,"26":1,"27":1,"28":1,"29":1,"30":1,"31":1,"32":1,"33":1,"34":1,"35":1,"36":1,"37":1,"38":1,"39":2,"40":2,"41":1,"42":2,"43":2,"44":1,"45":2,"46":2,"47":1,"48":2,"49":2,"50":1,"51":1,"52":1,"53":1,"54":1},"b":{"1":[2,1,1,1],"2":[1,1,1,1],"3":[1,1],"4":[1,1],"5":[1,1],"6":[1,1],"7":[1,1],"8":[1,1],"9":[1,1],"10":[1,1,1],"11":[1,1],"12":[1,1],"13":[1,1],"14":[1,1],"15":[1,1],"16":[1,1],"17":[1,1]},"f":{"1":2,"2":2,"3":2,"4":2,"5":2,"6":1,"7":1,"8":1,"9":2,"10":2,"11":2,"12":2,"13":1},"fnMap":{"1":{"name":"(anonymous_1)","line":12,"loc":{"start":{"line":12,"column":1},"end":{"line":12,"column":13}}},"2":{"name":"(anonymous_2)","line":19,"loc":{"start":{"line":19,"column":5},"end":{"line":19,"column":17}}},"3":{"name":"(anonymous_3)","line":23,"loc":{"start":{"line":23,"column":24},"end":{"line":23,"column":36}}},"4":{"name":"(anonymous_4)","line":61,"loc":{"start":{"line":61,"column":5},"end":{"line":61,"column":17}}},"5":{"name":"(anonymous_5)","line":82,"loc":{"start":{"line":82,"column":5},"end":{"line":82,"column":17}}},"6":{"name":"(anonymous_6)","line":91,"loc":{"start":{"line":91,"column":77},"end":{"line":94,"column":10}}},"7":{"name":"(anonymous_7)","line":112,"loc":{"start":{"line":112,"column":83},"end":{"line":115,"column":10}},"skip":true},"8":{"name":"(anonymous_8)","line":123,"loc":{"start":{"line":123,"column":77},"end":{"line":126,"column":10}},"skip":true},"9":{"name":"(anonymous_9)","line":139,"loc":{"start":{"line":139,"column":12},"end":{"line":139,"column":40}},"skip":true},"10":{"name":"(anonymous_10)","line":147,"loc":{"start":{"line":147,"column":77},"end":{"line":150,"column":10}},"skip":true},"11":{"name":"(anonymous_11)","line":158,"loc":{"start":{"line":158,"column":83},"end":{"line":161,"column":10}},"skip":true},"12":{"name":"(anonymous_12)","line":169,"loc":{"start":{"line":169,"column":79},"end":{"line":172,"column":10}},"skip":true},"13":{"name":"(anonymous_13)","line":180,"loc":{"start":{"line":180,"column":75},"end":{"line":183,"column":10}},"skip":true}},"statementMap":{"1":{"start":{"line":12,"column":0},"end":{"line":195,"column":5}},"2":{"start":{"line":14,"column":4},"end":{"line":14,"column":14}},"3":{"start":{"line":19,"column":4},"end":{"line":56,"column":9}},"4":{"start":{"line":21,"column":8},"end":{"line":21,"column":19}},"5":{"start":{"line":23,"column":8},"end":{"line":35,"column":13}},"6":{"start":{"line":24,"column":12},"end":{"line":34,"column":13}},"7":{"start":{"line":25,"column":16},"end":{"line":28,"column":30}},"8":{"start":{"line":30,"column":16},"end":{"line":33,"column":27}},"9":{"start":{"line":37,"column":8},"end":{"line":39,"column":21}},"10":{"start":{"line":40,"column":8},"end":{"line":53,"column":9}},"11":{"start":{"line":43,"column":12},"end":{"line":46,"column":14}},"12":{"start":{"line":47,"column":12},"end":{"line":47,"column":18}},"13":{"start":{"line":50,"column":12},"end":{"line":51,"column":46}},"14":{"start":{"line":52,"column":12},"end":{"line":52,"column":18}},"15":{"start":{"line":55,"column":8},"end":{"line":55,"column":35}},"16":{"start":{"line":61,"column":4},"end":{"line":63,"column":9}},"17":{"start":{"line":62,"column":8},"end":{"line":62,"column":15}},"18":{"start":{"line":64,"column":4},"end":{"line":77,"column":5}},"19":{"start":{"line":70,"column":8},"end":{"line":70,"column":14}},"20":{"start":{"line":76,"column":8},"end":{"line":76,"column":14}},"21":{"start":{"line":82,"column":4},"end":{"line":84,"column":9}},"22":{"start":{"line":83,"column":8},"end":{"line":83,"column":15}},"23":{"start":{"line":85,"column":4},"end":{"line":194,"column":5}},"24":{"start":{"line":91,"column":8},"end":{"line":99,"column":10}},"25":{"start":{"line":98,"column":12},"end":{"line":98,"column":35}},"26":{"start":{"line":102,"column":8},"end":{"line":104,"column":63}},"27":{"start":{"line":105,"column":8},"end":{"line":105,"column":14}},"28":{"start":{"line":112,"column":8},"end":{"line":121,"column":10},"skip":true},"29":{"start":{"line":119,"column":12},"end":{"line":119,"column":55},"skip":true},"30":{"start":{"line":120,"column":12},"end":{"line":120,"column":48},"skip":true},"31":{"start":{"line":123,"column":8},"end":{"line":136,"column":10},"skip":true},"32":{"start":{"line":130,"column":12},"end":{"line":130,"column":76},"skip":true},"33":{"start":{"line":131,"column":12},"end":{"line":131,"column":73},"skip":true},"34":{"start":{"line":132,"column":12},"end":{"line":132,"column":74},"skip":true},"35":{"start":{"line":133,"column":12},"end":{"line":133,"column":79},"skip":true},"36":{"start":{"line":134,"column":12},"end":{"line":134,"column":25},"skip":true},"37":{"start":{"line":135,"column":12},"end":{"line":135,"column":45},"skip":true},"38":{"start":{"line":138,"column":8},"end":{"line":145,"column":14},"skip":true},"39":{"start":{"line":143,"column":16},"end":{"line":143,"column":29},"skip":true},"40":{"start":{"line":144,"column":16},"end":{"line":144,"column":55},"skip":true},"41":{"start":{"line":147,"column":8},"end":{"line":156,"column":10},"skip":true},"42":{"start":{"line":154,"column":12},"end":{"line":154,"column":25},"skip":true},"43":{"start":{"line":155,"column":12},"end":{"line":155,"column":45},"skip":true},"44":{"start":{"line":158,"column":8},"end":{"line":167,"column":10},"skip":true},"45":{"start":{"line":165,"column":12},"end":{"line":165,"column":25},"skip":true},"46":{"start":{"line":166,"column":12},"end":{"line":166,"column":48},"skip":true},"47":{"start":{"line":169,"column":8},"end":{"line":178,"column":10},"skip":true},"48":{"start":{"line":176,"column":12},"end":{"line":176,"column":25},"skip":true},"49":{"start":{"line":177,"column":12},"end":{"line":177,"column":46},"skip":true},"50":{"start":{"line":180,"column":8},"end":{"line":189,"column":10},"skip":true},"51":{"start":{"line":187,"column":12},"end":{"line":187,"column":94},"skip":true},"52":{"start":{"line":188,"column":12},"end":{"line":188,"column":48},"skip":true},"53":{"start":{"line":192,"column":8},"end":{"line":192,"column":35},"skip":true},"54":{"start":{"line":193,"column":8},"end":{"line":193,"column":14},"skip":true}},"branchMap":{"1":{"line":25,"type":"binary-expr","locations":[{"start":{"line":25,"column":23},"end":{"line":25,"column":62}},{"start":{"line":26,"column":20},"end":{"line":26,"column":70}},{"start":{"line":27,"column":20},"end":{"line":27,"column":71}},{"start":{"line":28,"column":20},"end":{"line":28,"column":29}}]},"2":{"line":30,"type":"binary-expr","locations":[{"start":{"line":30,"column":23},"end":{"line":30,"column":37}},{"start":{"line":31,"column":20},"end":{"line":31,"column":61}},{"start":{"line":32,"column":20},"end":{"line":32,"column":70}},{"start":{"line":33,"column":20},"end":{"line":33,"column":26}}]},"3":{"line":37,"type":"cond-expr","locations":[{"start":{"line":38,"column":14},"end":{"line":38,"column":20}},{"start":{"line":39,"column":14},"end":{"line":39,"column":20}}]},"4":{"line":40,"type":"switch","locations":[{"start":{"line":42,"column":8},"end":{"line":47,"column":18}},{"start":{"line":49,"column":8},"end":{"line":52,"column":18}}]},"5":{"line":44,"type":"binary-expr","locations":[{"start":{"line":44,"column":16},"end":{"line":44,"column":44}},{"start":{"line":44,"column":48},"end":{"line":44,"column":66}}]},"6":{"line":50,"type":"binary-expr","locations":[{"start":{"line":50,"column":21},"end":{"line":50,"column":49}},{"start":{"line":50,"column":53},"end":{"line":50,"column":72}}]},"7":{"line":64,"type":"switch","locations":[{"start":{"line":69,"column":4},"end":{"line":70,"column":14}},{"start":{"line":75,"column":4},"end":{"line":76,"column":14}}]},"8":{"line":85,"type":"switch","locations":[{"start":{"line":90,"column":4},"end":{"line":105,"column":14}},{"start":{"line":111,"column":4},"end":{"line":193,"column":14},"skip":true}]},"9":{"line":91,"type":"binary-expr","locations":[{"start":{"line":91,"column":42},"end":{"line":91,"column":73}},{"start":{"line":91,"column":77},"end":{"line":99,"column":9}}]},"10":{"line":102,"type":"binary-expr","locations":[{"start":{"line":102,"column":18},"end":{"line":102,"column":32}},{"start":{"line":103,"column":12},"end":{"line":103,"column":53}},{"start":{"line":104,"column":12},"end":{"line":104,"column":61}}]},"11":{"line":112,"type":"binary-expr","locations":[{"start":{"line":112,"column":45},"end":{"line":112,"column":79},"skip":true},{"start":{"line":112,"column":83},"end":{"line":121,"column":9},"skip":true}]},"12":{"line":123,"type":"binary-expr","locations":[{"start":{"line":123,"column":42},"end":{"line":123,"column":73},"skip":true},{"start":{"line":123,"column":77},"end":{"line":136,"column":9},"skip":true}]},"13":{"line":138,"type":"binary-expr","locations":[{"start":{"line":138,"column":48},"end":{"line":138,"column":85},"skip":true},{"start":{"line":139,"column":12},"end":{"line":145,"column":13},"skip":true}]},"14":{"line":147,"type":"binary-expr","locations":[{"start":{"line":147,"column":42},"end":{"line":147,"column":73},"skip":true},{"start":{"line":147,"column":77},"end":{"line":156,"column":9},"skip":true}]},"15":{"line":158,"type":"binary-expr","locations":[{"start":{"line":158,"column":45},"end":{"line":158,"column":79},"skip":true},{"start":{"line":158,"column":83},"end":{"line":167,"column":9},"skip":true}]},"16":{"line":169,"type":"binary-expr","locations":[{"start":{"line":169,"column":43},"end":{"line":169,"column":75},"skip":true},{"start":{"line":169,"column":79},"end":{"line":178,"column":9},"skip":true}]},"17":{"line":180,"type":"binary-expr","locations":[{"start":{"line":180,"column":41},"end":{"line":180,"column":71},"skip":true},{"start":{"line":180,"column":75},"end":{"line":189,"column":9},"skip":true}]}},"code":["/* istanbul instrument in package npmtest_rx_lite */","/*jslint","    bitwise: true,","    browser: true,","    maxerr: 8,","    maxlen: 96,","    node: true,","    nomen: true,","    regexp: true,","    stupid: true","*/","(function () {","    'use strict';","    var local;","","","","    // run shared js-env code - pre-init","    (function () {","        // init local","        local = {};","        // init modeJs","        local.modeJs = (function () {","            try {","                return typeof navigator.userAgent === 'string' &&","                    typeof document.querySelector('body') === 'object' &&","                    typeof XMLHttpRequest.prototype.open === 'function' &&","                    'browser';","            } catch (errorCaughtBrowser) {","                return module.exports &&","                    typeof process.versions.node === 'string' &&","                    typeof require('http').createServer === 'function' &&","                    'node';","            }","        }());","        // init global","        local.global = local.modeJs === 'browser'","            ? window","            : global;","        switch (local.modeJs) {","        // re-init local from window.local","        case 'browser':","            local = local.global.utility2.objectSetDefault(","                local.global.utility2_rollup || local.global.local,","                local.global.utility2","            );","            break;","        // re-init local from example.js","        case 'node':","            local = (local.global.utility2_rollup || require('utility2'))","                .requireExampleJsFromReadme();","            break;","        }","        // export local","        local.global.local = local;","    }());","","","","    // run shared js-env code - function","    (function () {","        return;","    }());","    switch (local.modeJs) {","","","","    // run browser js-env code - function","    case 'browser':","        break;","","","","    // run node js-env code - function","    case 'node':","        break;","    }","","","","    // run shared js-env code - post-init","    (function () {","        return;","    }());","    switch (local.modeJs) {","","","","    // run browser js-env code - post-init","    case 'browser':","        local.testCase_browser_nullCase = local.testCase_browser_nullCase || function (","            options,","            onError","        ) {","        /*","         * this function will test browsers's null-case handling-behavior-behavior","         */","            onError(null, options);","        };","","        // run tests","        local.nop(local.modeTest &&","            document.querySelector('#testRunButton1') &&","            document.querySelector('#testRunButton1').click());","        break;","","","","    // run node js-env code - post-init","    /* istanbul ignore next */","    case 'node':","        local.testCase_buildApidoc_default = local.testCase_buildApidoc_default || function (","            options,","            onError","        ) {","        /*","         * this function will test buildApidoc's default handling-behavior-behavior","         */","            options = { modulePathList: module.paths };","            local.buildApidoc(options, onError);","        };","","        local.testCase_buildApp_default = local.testCase_buildApp_default || function (","            options,","            onError","        ) {","        /*","         * this function will test buildApp's default handling-behavior-behavior","         */","            local.testCase_buildReadme_default(options, local.onErrorThrow);","            local.testCase_buildLib_default(options, local.onErrorThrow);","            local.testCase_buildTest_default(options, local.onErrorThrow);","            local.testCase_buildCustomOrg_default(options, local.onErrorThrow);","            options = [];","            local.buildApp(options, onError);","        };","","        local.testCase_buildCustomOrg_default = local.testCase_buildCustomOrg_default ||","            function (options, onError) {","            /*","             * this function will test buildCustomOrg's default handling-behavior","             */","                options = {};","                local.buildCustomOrg(options, onError);","            };","","        local.testCase_buildLib_default = local.testCase_buildLib_default || function (","            options,","            onError","        ) {","        /*","         * this function will test buildLib's default handling-behavior","         */","            options = {};","            local.buildLib(options, onError);","        };","","        local.testCase_buildReadme_default = local.testCase_buildReadme_default || function (","            options,","            onError","        ) {","        /*","         * this function will test buildReadme's default handling-behavior-behavior","         */","            options = {};","            local.buildReadme(options, onError);","        };","","        local.testCase_buildTest_default = local.testCase_buildTest_default || function (","            options,","            onError","        ) {","        /*","         * this function will test buildTest's default handling-behavior","         */","            options = {};","            local.buildTest(options, onError);","        };","","        local.testCase_webpage_default = local.testCase_webpage_default || function (","            options,","            onError","        ) {","        /*","         * this function will test webpage's default handling-behavior","         */","            options = { modeCoverageMerge: true, url: local.serverLocalHost + '?modeTest=1' };","            local.browserTest(options, onError);","        };","","        // run test-server","        local.testRunServer(local);","        break;","    }","}());",""],"l":{"12":2,"14":2,"19":2,"21":2,"23":2,"24":2,"25":2,"30":1,"37":2,"40":2,"43":1,"47":1,"50":1,"52":1,"55":2,"61":2,"62":2,"64":2,"70":1,"76":1,"82":2,"83":2,"85":2,"91":1,"98":1,"102":1,"105":1,"112":1,"119":1,"120":1,"123":1,"130":1,"131":1,"132":1,"133":1,"134":1,"135":1,"138":1,"143":2,"144":2,"147":1,"154":2,"155":2,"158":1,"165":2,"166":2,"169":1,"176":2,"177":2,"180":1,"187":1,"188":1,"192":1,"193":1}},"/home/travis/build/npmtest/node-npmtest-rx-lite/lib.npmtest_rx_lite.js":{"path":"/home/travis/build/npmtest/node-npmtest-rx-lite/lib.npmtest_rx_lite.js","s":{"1":2,"2":2,"3":2,"4":2,"5":2,"6":2,"7":2,"8":1,"9":2,"10":2,"11":2,"12":2,"13":1,"14":1,"15":1,"16":1},"b":{"1":[2,1,1,1],"2":[1,1,1,1],"3":[1,1],"4":[2,2],"5":[1,1]},"f":{"1":2,"2":2,"3":2},"fnMap":{"1":{"name":"(anonymous_1)","line":12,"loc":{"start":{"line":12,"column":1},"end":{"line":12,"column":13}}},"2":{"name":"(anonymous_2)","line":19,"loc":{"start":{"line":19,"column":5},"end":{"line":19,"column":17}}},"3":{"name":"(anonymous_3)","line":23,"loc":{"start":{"line":23,"column":24},"end":{"line":23,"column":36}}}},"statementMap":{"1":{"start":{"line":12,"column":0},"end":{"line":53,"column":5}},"2":{"start":{"line":14,"column":4},"end":{"line":14,"column":14}},"3":{"start":{"line":19,"column":4},"end":{"line":52,"column":9}},"4":{"start":{"line":21,"column":8},"end":{"line":21,"column":19}},"5":{"start":{"line":23,"column":8},"end":{"line":35,"column":13}},"6":{"start":{"line":24,"column":12},"end":{"line":34,"column":13}},"7":{"start":{"line":25,"column":16},"end":{"line":28,"column":30}},"8":{"start":{"line":30,"column":16},"end":{"line":33,"column":27}},"9":{"start":{"line":37,"column":8},"end":{"line":39,"column":21}},"10":{"start":{"line":41,"column":8},"end":{"line":41,"column":54}},"11":{"start":{"line":43,"column":8},"end":{"line":43,"column":52}},"12":{"start":{"line":45,"column":8},"end":{"line":51,"column":9}},"13":{"start":{"line":46,"column":12},"end":{"line":46,"column":58}},"14":{"start":{"line":48,"column":12},"end":{"line":48,"column":35}},"15":{"start":{"line":49,"column":12},"end":{"line":49,"column":49}},"16":{"start":{"line":50,"column":12},"end":{"line":50,"column":43}}},"branchMap":{"1":{"line":25,"type":"binary-expr","locations":[{"start":{"line":25,"column":23},"end":{"line":25,"column":62}},{"start":{"line":26,"column":20},"end":{"line":26,"column":70}},{"start":{"line":27,"column":20},"end":{"line":27,"column":71}},{"start":{"line":28,"column":20},"end":{"line":28,"column":29}}]},"2":{"line":30,"type":"binary-expr","locations":[{"start":{"line":30,"column":23},"end":{"line":30,"column":37}},{"start":{"line":31,"column":20},"end":{"line":31,"column":61}},{"start":{"line":32,"column":20},"end":{"line":32,"column":70}},{"start":{"line":33,"column":20},"end":{"line":33,"column":26}}]},"3":{"line":37,"type":"cond-expr","locations":[{"start":{"line":38,"column":14},"end":{"line":38,"column":20}},{"start":{"line":39,"column":14},"end":{"line":39,"column":20}}]},"4":{"line":41,"type":"binary-expr","locations":[{"start":{"line":41,"column":16},"end":{"line":41,"column":44}},{"start":{"line":41,"column":48},"end":{"line":41,"column":53}}]},"5":{"line":45,"type":"if","locations":[{"start":{"line":45,"column":8},"end":{"line":45,"column":8}},{"start":{"line":45,"column":8},"end":{"line":45,"column":8}}]}},"code":["/* istanbul instrument in package npmtest_rx_lite */","/*jslint","    bitwise: true,","    browser: true,","    maxerr: 8,","    maxlen: 96,","    node: true,","    nomen: true,","    regexp: true,","    stupid: true","*/","(function () {","    'use strict';","    var local;","","","","    // run shared js-env code - pre-init","    (function () {","        // init local","        local = {};","        // init modeJs","        local.modeJs = (function () {","            try {","                return typeof navigator.userAgent === 'string' &&","                    typeof document.querySelector('body') === 'object' &&","                    typeof XMLHttpRequest.prototype.open === 'function' &&","                    'browser';","            } catch (errorCaughtBrowser) {","                return module.exports &&","                    typeof process.versions.node === 'string' &&","                    typeof require('http').createServer === 'function' &&","                    'node';","            }","        }());","        // init global","        local.global = local.modeJs === 'browser'","            ? window","            : global;","        // init utility2_rollup","        local = local.global.utility2_rollup || local;","        // init lib","        local.local = local.npmtest_rx_lite = local;","        // init exports","        if (local.modeJs === 'browser') {","            local.global.utility2_npmtest_rx_lite = local;","        } else {","            module.exports = local;","            module.exports.__dirname = __dirname;","            module.exports.module = module;","        }","    }());","}());",""],"l":{"12":2,"14":2,"19":2,"21":2,"23":2,"24":2,"25":2,"30":1,"37":2,"41":2,"43":2,"45":2,"46":1,"48":1,"49":1,"50":1}},"/home/travis/build/npmtest/node-npmtest-rx-lite/example.js":{"path":"/home/travis/build/npmtest/node-npmtest-rx-lite/example.js","s":{"1":2,"2":2,"3":2,"4":2,"5":2,"6":2,"7":2,"8":1,"9":2,"10":2,"11":2,"12":2,"13":1,"14":2,"15":2,"16":2,"17":2,"18":2,"19":0,"20":2,"21":1,"22":1,"23":1,"24":1,"25":1,"26":0,"27":0,"28":1,"29":1,"30":2,"31":0,"32":0,"33":0,"34":1,"35":2,"36":2,"37":3,"38":3,"39":3,"40":3,"41":0,"42":3,"43":3,"44":3,"45":1,"46":3,"47":1,"48":1,"49":1,"50":1,"51":1,"52":1,"53":1,"54":1,"55":1,"56":1,"57":0,"58":1,"59":6,"60":6,"61":1,"62":2,"63":0,"64":2,"65":1,"66":1,"67":0,"68":0,"69":0,"70":0,"71":0,"72":0,"73":0,"74":0,"75":0,"76":0,"77":0,"78":0,"79":0,"80":0,"81":0,"82":0,"83":0},"b":{"1":[2,1,1,1],"2":[1,1,1,1],"3":[1,1],"4":[2,2],"5":[1,1],"6":[1,1],"7":[2,0],"8":[2,1,1,1,1,1],"9":[0,2,0],"10":[1,1],"11":[2,1,1],"12":[1,0],"13":[0,2],"14":[2,0,0,0,0,0,0],"15":[0,3],"16":[3,0],"17":[1,1],"18":[0,1],"19":[1,2,0,2],"20":[1,0],"21":[1,1],"22":[0,0],"23":[0,0],"24":[0,0],"25":[0,0],"26":[0,0],"27":[0,0],"28":[0,0]},"f":{"1":2,"2":2,"3":2,"4":2,"5":2,"6":2,"7":3,"8":3,"9":3,"10":1,"11":6,"12":0},"fnMap":{"1":{"name":"(anonymous_1)","line":26,"loc":{"start":{"line":26,"column":1},"end":{"line":26,"column":13}}},"2":{"name":"(anonymous_2)","line":33,"loc":{"start":{"line":33,"column":5},"end":{"line":33,"column":17}}},"3":{"name":"(anonymous_3)","line":37,"loc":{"start":{"line":37,"column":24},"end":{"line":37,"column":36}}},"4":{"name":"(anonymous_4)","line":69,"loc":{"start":{"line":69,"column":31},"end":{"line":69,"column":48}},"skip":true},"5":{"name":"(anonymous_5)","line":78,"loc":{"start":{"line":78,"column":26},"end":{"line":78,"column":45}},"skip":true},"6":{"name":"(anonymous_6)","line":123,"loc":{"start":{"line":123,"column":33},"end":{"line":123,"column":48}},"skip":true},"7":{"name":"(anonymous_7)","line":125,"loc":{"start":{"line":125,"column":27},"end":{"line":125,"column":39}},"skip":true},"8":{"name":"(anonymous_8)","line":133,"loc":{"start":{"line":133,"column":59},"end":{"line":133,"column":74}},"skip":true},"9":{"name":"(anonymous_9)","line":143,"loc":{"start":{"line":143,"column":45},"end":{"line":143,"column":62}},"skip":true},"10":{"name":"(anonymous_10)","line":144,"loc":{"start":{"line":144,"column":73},"end":{"line":144,"column":92}},"skip":true},"11":{"name":"(anonymous_11)","line":272,"loc":{"start":{"line":272,"column":51},"end":{"line":272,"column":77}},"skip":true},"12":{"name":"(anonymous_12)","line":315,"loc":{"start":{"line":315,"column":32},"end":{"line":315,"column":61}},"skip":true}},"statementMap":{"1":{"start":{"line":26,"column":0},"end":{"line":326,"column":5}},"2":{"start":{"line":28,"column":4},"end":{"line":28,"column":14}},"3":{"start":{"line":33,"column":4},"end":{"line":60,"column":9}},"4":{"start":{"line":35,"column":8},"end":{"line":35,"column":19}},"5":{"start":{"line":37,"column":8},"end":{"line":49,"column":13}},"6":{"start":{"line":38,"column":12},"end":{"line":48,"column":13}},"7":{"start":{"line":39,"column":16},"end":{"line":42,"column":30}},"8":{"start":{"line":44,"column":16},"end":{"line":47,"column":27}},"9":{"start":{"line":51,"column":8},"end":{"line":53,"column":21}},"10":{"start":{"line":55,"column":8},"end":{"line":57,"column":45}},"11":{"start":{"line":59,"column":8},"end":{"line":59,"column":35}},"12":{"start":{"line":61,"column":4},"end":{"line":325,"column":5}},"13":{"start":{"line":69,"column":8},"end":{"line":121,"column":10},"skip":true},"14":{"start":{"line":70,"column":12},"end":{"line":88,"column":13},"skip":true},"15":{"start":{"line":76,"column":16},"end":{"line":87,"column":19},"skip":true},"16":{"start":{"line":79,"column":20},"end":{"line":86,"column":21},"skip":true},"17":{"start":{"line":82,"column":24},"end":{"line":82,"column":43},"skip":true},"18":{"start":{"line":83,"column":24},"end":{"line":83,"column":30},"skip":true},"19":{"start":{"line":85,"column":24},"end":{"line":85,"column":49},"skip":true},"20":{"start":{"line":89,"column":12},"end":{"line":107,"column":13},"skip":true},"21":{"start":{"line":92,"column":16},"end":{"line":102,"column":17},"skip":true},"22":{"start":{"line":93,"column":20},"end":{"line":93,"column":86},"skip":true},"23":{"start":{"line":94,"column":20},"end":{"line":95,"column":45},"skip":true},"24":{"start":{"line":96,"column":20},"end":{"line":96,"column":42},"skip":true},"25":{"start":{"line":97,"column":20},"end":{"line":97,"column":48},"skip":true},"26":{"start":{"line":100,"column":20},"end":{"line":100,"column":85},"skip":true},"27":{"start":{"line":101,"column":20},"end":{"line":101,"column":96},"skip":true},"28":{"start":{"line":103,"column":16},"end":{"line":103,"column":22},"skip":true},"29":{"start":{"line":106,"column":16},"end":{"line":106,"column":22},"skip":true},"30":{"start":{"line":108,"column":12},"end":{"line":120,"column":13},"skip":true},"31":{"start":{"line":114,"column":16},"end":{"line":119,"column":17},"skip":true},"32":{"start":{"line":116,"column":20},"end":{"line":116,"column":78},"skip":true},"33":{"start":{"line":118,"column":20},"end":{"line":118,"column":47},"skip":true},"34":{"start":{"line":123,"column":8},"end":{"line":141,"column":11},"skip":true},"35":{"start":{"line":124,"column":12},"end":{"line":124,"column":54},"skip":true},"36":{"start":{"line":125,"column":12},"end":{"line":140,"column":14},"skip":true},"37":{"start":{"line":126,"column":16},"end":{"line":126,"column":28},"skip":true},"38":{"start":{"line":127,"column":16},"end":{"line":127,"column":69},"skip":true},"39":{"start":{"line":128,"column":16},"end":{"line":128,"column":75},"skip":true},"40":{"start":{"line":129,"column":16},"end":{"line":131,"column":17},"skip":true},"41":{"start":{"line":130,"column":20},"end":{"line":130,"column":27},"skip":true},"42":{"start":{"line":133,"column":16},"end":{"line":137,"column":36},"skip":true},"43":{"start":{"line":134,"column":20},"end":{"line":136,"column":55},"skip":true},"44":{"start":{"line":139,"column":16},"end":{"line":139,"column":57},"skip":true},"45":{"start":{"line":143,"column":8},"end":{"line":147,"column":11},"skip":true},"46":{"start":{"line":144,"column":12},"end":{"line":146,"column":15},"skip":true},"47":{"start":{"line":145,"column":16},"end":{"line":145,"column":70},"skip":true},"48":{"start":{"line":149,"column":8},"end":{"line":149,"column":31},"skip":true},"49":{"start":{"line":150,"column":8},"end":{"line":150,"column":14},"skip":true},"50":{"start":{"line":158,"column":8},"end":{"line":158,"column":31},"skip":true},"51":{"start":{"line":160,"column":8},"end":{"line":160,"column":33},"skip":true},"52":{"start":{"line":161,"column":8},"end":{"line":161,"column":37},"skip":true},"53":{"start":{"line":162,"column":8},"end":{"line":162,"column":35},"skip":true},"54":{"start":{"line":164,"column":8},"end":{"line":164,"column":50},"skip":true},"55":{"start":{"line":166,"column":8},"end":{"line":256,"column":2},"skip":true},"56":{"start":{"line":258,"column":8},"end":{"line":286,"column":9},"skip":true},"57":{"start":{"line":259,"column":12},"end":{"line":269,"column":14},"skip":true},"58":{"start":{"line":271,"column":12},"end":{"line":285,"column":19},"skip":true},"59":{"start":{"line":274,"column":20},"end":{"line":274,"column":35},"skip":true},"60":{"start":{"line":275,"column":20},"end":{"line":284,"column":21},"skip":true},"61":{"start":{"line":277,"column":24},"end":{"line":277,"column":64},"skip":true},"62":{"start":{"line":279,"column":24},"end":{"line":279,"column":40},"skip":true},"63":{"start":{"line":281,"column":24},"end":{"line":281,"column":40},"skip":true},"64":{"start":{"line":283,"column":24},"end":{"line":283,"column":39},"skip":true},"65":{"start":{"line":288,"column":8},"end":{"line":290,"column":9},"skip":true},"66":{"start":{"line":289,"column":12},"end":{"line":289,"column":18},"skip":true},"67":{"start":{"line":291,"column":8},"end":{"line":293,"column":54},"skip":true},"68":{"start":{"line":296,"column":8},"end":{"line":301,"column":37},"skip":true},"69":{"start":{"line":303,"column":8},"end":{"line":303,"column":82},"skip":true},"70":{"start":{"line":306,"column":8},"end":{"line":308,"column":9},"skip":true},"71":{"start":{"line":307,"column":12},"end":{"line":307,"column":82},"skip":true},"72":{"start":{"line":310,"column":8},"end":{"line":312,"column":9},"skip":true},"73":{"start":{"line":311,"column":12},"end":{"line":311,"column":18},"skip":true},"74":{"start":{"line":313,"column":8},"end":{"line":313,"column":54},"skip":true},"75":{"start":{"line":314,"column":8},"end":{"line":314,"column":69},"skip":true},"76":{"start":{"line":315,"column":8},"end":{"line":323,"column":36},"skip":true},"77":{"start":{"line":316,"column":12},"end":{"line":316,"column":61},"skip":true},"78":{"start":{"line":317,"column":12},"end":{"line":320,"column":13},"skip":true},"79":{"start":{"line":318,"column":16},"end":{"line":318,"column":75},"skip":true},"80":{"start":{"line":319,"column":16},"end":{"line":319,"column":23},"skip":true},"81":{"start":{"line":321,"column":12},"end":{"line":321,"column":38},"skip":true},"82":{"start":{"line":322,"column":12},"end":{"line":322,"column":27},"skip":true},"83":{"start":{"line":324,"column":8},"end":{"line":324,"column":14},"skip":true}},"branchMap":{"1":{"line":39,"type":"binary-expr","locations":[{"start":{"line":39,"column":23},"end":{"line":39,"column":62}},{"start":{"line":40,"column":20},"end":{"line":40,"column":70}},{"start":{"line":41,"column":20},"end":{"line":41,"column":71}},{"start":{"line":42,"column":20},"end":{"line":42,"column":29}}]},"2":{"line":44,"type":"binary-expr","locations":[{"start":{"line":44,"column":23},"end":{"line":44,"column":37}},{"start":{"line":45,"column":20},"end":{"line":45,"column":61}},{"start":{"line":46,"column":20},"end":{"line":46,"column":70}},{"start":{"line":47,"column":20},"end":{"line":47,"column":26}}]},"3":{"line":51,"type":"cond-expr","locations":[{"start":{"line":52,"column":14},"end":{"line":52,"column":20}},{"start":{"line":53,"column":14},"end":{"line":53,"column":20}}]},"4":{"line":55,"type":"binary-expr","locations":[{"start":{"line":55,"column":16},"end":{"line":55,"column":44}},{"start":{"line":55,"column":49},"end":{"line":57,"column":43}}]},"5":{"line":55,"type":"cond-expr","locations":[{"start":{"line":56,"column":14},"end":{"line":56,"column":51}},{"start":{"line":57,"column":14},"end":{"line":57,"column":43}}]},"6":{"line":61,"type":"switch","locations":[{"start":{"line":68,"column":4},"end":{"line":150,"column":14},"skip":true},{"start":{"line":156,"column":4},"end":{"line":324,"column":14},"skip":true}]},"7":{"line":70,"type":"if","locations":[{"start":{"line":70,"column":12},"end":{"line":70,"column":12},"skip":true},{"start":{"line":70,"column":12},"end":{"line":70,"column":12},"skip":true}]},"8":{"line":70,"type":"binary-expr","locations":[{"start":{"line":70,"column":16},"end":{"line":70,"column":22},"skip":true},{"start":{"line":70,"column":27},"end":{"line":70,"column":32},"skip":true},{"start":{"line":71,"column":20},"end":{"line":71,"column":39},"skip":true},{"start":{"line":72,"column":20},"end":{"line":72,"column":49},"skip":true},{"start":{"line":73,"column":20},"end":{"line":73,"column":58},"skip":true},{"start":{"line":74,"column":20},"end":{"line":74,"column":69},"skip":true}]},"9":{"line":79,"type":"switch","locations":[{"start":{"line":80,"column":20},"end":{"line":80,"column":33},"skip":true},{"start":{"line":81,"column":20},"end":{"line":83,"column":30},"skip":true},{"start":{"line":84,"column":20},"end":{"line":85,"column":49},"skip":true}]},"10":{"line":89,"type":"switch","locations":[{"start":{"line":90,"column":12},"end":{"line":103,"column":22},"skip":true},{"start":{"line":105,"column":12},"end":{"line":106,"column":22},"skip":true}]},"11":{"line":89,"type":"binary-expr","locations":[{"start":{"line":89,"column":20},"end":{"line":89,"column":25},"skip":true},{"start":{"line":89,"column":29},"end":{"line":89,"column":48},"skip":true},{"start":{"line":89,"column":52},"end":{"line":89,"column":74},"skip":true}]},"12":{"line":92,"type":"if","locations":[{"start":{"line":92,"column":16},"end":{"line":92,"column":16},"skip":true},{"start":{"line":92,"column":16},"end":{"line":92,"column":16},"skip":true}]},"13":{"line":108,"type":"if","locations":[{"start":{"line":108,"column":12},"end":{"line":108,"column":12},"skip":true},{"start":{"line":108,"column":12},"end":{"line":108,"column":12},"skip":true}]},"14":{"line":108,"type":"binary-expr","locations":[{"start":{"line":108,"column":16},"end":{"line":108,"column":61},"skip":true},{"start":{"line":108,"column":66},"end":{"line":108,"column":72},"skip":true},{"start":{"line":108,"column":77},"end":{"line":108,"column":82},"skip":true},{"start":{"line":109,"column":20},"end":{"line":109,"column":39},"skip":true},{"start":{"line":110,"column":20},"end":{"line":110,"column":49},"skip":true},{"start":{"line":111,"column":20},"end":{"line":111,"column":58},"skip":true},{"start":{"line":112,"column":20},"end":{"line":112,"column":68},"skip":true}]},"15":{"line":129,"type":"if","locations":[{"start":{"line":129,"column":16},"end":{"line":129,"column":16},"skip":true},{"start":{"line":129,"column":16},"end":{"line":129,"column":16},"skip":true}]},"16":{"line":134,"type":"cond-expr","locations":[{"start":{"line":135,"column":26},"end":{"line":135,"column":29},"skip":true},{"start":{"line":136,"column":26},"end":{"line":136,"column":54},"skip":true}]},"17":{"line":164,"type":"binary-expr","locations":[{"start":{"line":164,"column":27},"end":{"line":164,"column":43},"skip":true},{"start":{"line":164,"column":47},"end":{"line":164,"column":49},"skip":true}]},"18":{"line":258,"type":"if","locations":[{"start":{"line":258,"column":8},"end":{"line":258,"column":8},"skip":true},{"start":{"line":258,"column":8},"end":{"line":258,"column":8},"skip":true}]},"19":{"line":275,"type":"switch","locations":[{"start":{"line":276,"column":20},"end":{"line":277,"column":64},"skip":true},{"start":{"line":278,"column":20},"end":{"line":279,"column":40},"skip":true},{"start":{"line":280,"column":20},"end":{"line":281,"column":40},"skip":true},{"start":{"line":282,"column":20},"end":{"line":283,"column":39},"skip":true}]},"20":{"line":288,"type":"if","locations":[{"start":{"line":288,"column":8},"end":{"line":288,"column":8},"skip":true},{"start":{"line":288,"column":8},"end":{"line":288,"column":8},"skip":true}]},"21":{"line":288,"type":"binary-expr","locations":[{"start":{"line":288,"column":12},"end":{"line":288,"column":40},"skip":true},{"start":{"line":288,"column":44},"end":{"line":288,"column":67},"skip":true}]},"22":{"line":292,"type":"binary-expr","locations":[{"start":{"line":292,"column":12},"end":{"line":292,"column":50},"skip":true},{"start":{"line":293,"column":12},"end":{"line":293,"column":53},"skip":true}]},"23":{"line":297,"type":"binary-expr","locations":[{"start":{"line":297,"column":12},"end":{"line":297,"column":65},"skip":true},{"start":{"line":298,"column":12},"end":{"line":301,"column":36},"skip":true}]},"24":{"line":303,"type":"binary-expr","locations":[{"start":{"line":303,"column":43},"end":{"line":303,"column":75},"skip":true},{"start":{"line":303,"column":79},"end":{"line":303,"column":81},"skip":true}]},"25":{"line":306,"type":"if","locations":[{"start":{"line":306,"column":8},"end":{"line":306,"column":8},"skip":true},{"start":{"line":306,"column":8},"end":{"line":306,"column":8},"skip":true}]},"26":{"line":310,"type":"if","locations":[{"start":{"line":310,"column":8},"end":{"line":310,"column":8},"skip":true},{"start":{"line":310,"column":8},"end":{"line":310,"column":8},"skip":true}]},"27":{"line":313,"type":"binary-expr","locations":[{"start":{"line":313,"column":27},"end":{"line":313,"column":43},"skip":true},{"start":{"line":313,"column":47},"end":{"line":313,"column":53},"skip":true}]},"28":{"line":317,"type":"if","locations":[{"start":{"line":317,"column":12},"end":{"line":317,"column":12},"skip":true},{"start":{"line":317,"column":12},"end":{"line":317,"column":12},"skip":true}]}},"code":["/*","example.js","","quickstart example","","instruction","    1. save this script as example.js","    2. run the shell command:","        $ npm install npmtest-rx-lite && PORT=8081 node example.js","    3. play with the browser-demo on http://127.0.0.1:8081","*/","","","","/* istanbul instrument in package npmtest_rx_lite */","/*jslint","    bitwise: true,","    browser: true,","    maxerr: 8,","    maxlen: 96,","    node: true,","    nomen: true,","    regexp: true,","    stupid: true","*/","(function () {","    'use strict';","    var local;","","","","    // run shared js-env code - pre-init","    (function () {","        // init local","        local = {};","        // init modeJs","        local.modeJs = (function () {","            try {","                return typeof navigator.userAgent === 'string' &&","                    typeof document.querySelector('body') === 'object' &&","                    typeof XMLHttpRequest.prototype.open === 'function' &&","                    'browser';","            } catch (errorCaughtBrowser) {","                return module.exports &&","                    typeof process.versions.node === 'string' &&","                    typeof require('http').createServer === 'function' &&","                    'node';","            }","        }());","        // init global","        local.global = local.modeJs === 'browser'","            ? window","            : global;","        // init utility2_rollup","        local = local.global.utility2_rollup || (local.modeJs === 'browser'","            ? local.global.utility2_npmtest_rx_lite","            : global.utility2_moduleExports);","        // export local","        local.global.local = local;","    }());","    switch (local.modeJs) {","","","","    // post-init","    // run browser js-env code - post-init","    /* istanbul ignore next */","    case 'browser':","        local.testRunBrowser = function (event) {","            if (!event || (event &&","                    event.currentTarget &&","                    event.currentTarget.className &&","                    event.currentTarget.className.includes &&","                    event.currentTarget.className.includes('onreset'))) {","                // reset output","                Array.from(","                    document.querySelectorAll('body > .resettable')","                ).forEach(function (element) {","                    switch (element.tagName) {","                    case 'INPUT':","                    case 'TEXTAREA':","                        element.value = '';","                        break;","                    default:","                        element.textContent = '';","                    }","                });","            }","            switch (event && event.currentTarget && event.currentTarget.id) {","            case 'testRunButton1':","                // show tests","                if (document.querySelector('#testReportDiv1').style.display === 'none') {","                    document.querySelector('#testReportDiv1').style.display = 'block';","                    document.querySelector('#testRunButton1').textContent =","                        'hide internal test';","                    local.modeTest = true;","                    local.testRunDefault(local);","                // hide tests","                } else {","                    document.querySelector('#testReportDiv1').style.display = 'none';","                    document.querySelector('#testRunButton1').textContent = 'run internal test';","                }","                break;","            // custom-case","            default:","                break;","            }","            if (document.querySelector('#inputTextareaEval1') && (!event || (event &&","                    event.currentTarget &&","                    event.currentTarget.className &&","                    event.currentTarget.className.includes &&","                    event.currentTarget.className.includes('oneval')))) {","                // try to eval input-code","                try {","                    /*jslint evil: true*/","                    eval(document.querySelector('#inputTextareaEval1').value);","                } catch (errorCaught) {","                    console.error(errorCaught);","                }","            }","        };","        // log stderr and stdout to #outputTextareaStdout1","        ['error', 'log'].forEach(function (key) {","            console[key + '_original'] = console[key];","            console[key] = function () {","                var element;","                console[key + '_original'].apply(console, arguments);","                element = document.querySelector('#outputTextareaStdout1');","                if (!element) {","                    return;","                }","                // append text to #outputTextareaStdout1","                element.value += Array.from(arguments).map(function (arg) {","                    return typeof arg === 'string'","                        ? arg","                        : JSON.stringify(arg, null, 4);","                }).join(' ') + '\\n';","                // scroll textarea to bottom","                element.scrollTop = element.scrollHeight;","            };","        });","        // init event-handling","        ['change', 'click', 'keyup'].forEach(function (event) {","            Array.from(document.querySelectorAll('.on' + event)).forEach(function (element) {","                element.addEventListener(event, local.testRunBrowser);","            });","        });","        // run tests","        local.testRunBrowser();","        break;","","","","    // run node js-env code - post-init","    /* istanbul ignore next */","    case 'node':","        // export local","        module.exports = local;","        // require modules","        local.fs = require('fs');","        local.http = require('http');","        local.url = require('url');","        // init assets","        local.assetsDict = local.assetsDict || {};","        /* jslint-ignore-begin */","        local.assetsDict['/assets.index.template.html'] = '\\","<!doctype html>\\n\\","<html lang=\"en\">\\n\\","<head>\\n\\","<meta charset=\"UTF-8\">\\n\\","<meta name=\"viewport\" content=\"width=device-width, initial-scale=1\">\\n\\","<title>{{env.npm_package_name}} (v{{env.npm_package_version}})</title>\\n\\","<style>\\n\\","/*csslint\\n\\","    box-sizing: false,\\n\\","    universal-selector: false\\n\\","*/\\n\\","* {\\n\\","    box-sizing: border-box;\\n\\","}\\n\\","body {\\n\\","    background: #dde;\\n\\","    font-family: Arial, Helvetica, sans-serif;\\n\\","    margin: 2rem;\\n\\","}\\n\\","body > * {\\n\\","    margin-bottom: 1rem;\\n\\","}\\n\\",".utility2FooterDiv {\\n\\","    margin-top: 20px;\\n\\","    text-align: center;\\n\\","}\\n\\","</style>\\n\\","<style>\\n\\","/*csslint\\n\\","*/\\n\\","textarea {\\n\\","    font-family: monospace;\\n\\","    height: 10rem;\\n\\","    width: 100%;\\n\\","}\\n\\","textarea[readonly] {\\n\\","    background: #ddd;\\n\\","}\\n\\","</style>\\n\\","</head>\\n\\","<body>\\n\\","<!-- utility2-comment\\n\\","<div id=\"ajaxProgressDiv1\" style=\"background: #d00; height: 2px; left: 0; margin: 0; padding: 0; position: fixed; top: 0; transition: background 0.5s, width 1.5s; width: 25%;\"></div>\\n\\","utility2-comment -->\\n\\","<h1>\\n\\","<!-- utility2-comment\\n\\","    <a\\n\\","        {{#if env.npm_package_homepage}}\\n\\","        href=\"{{env.npm_package_homepage}}\"\\n\\","        {{/if env.npm_package_homepage}}\\n\\","        target=\"_blank\"\\n\\","    >\\n\\","utility2-comment -->\\n\\","        {{env.npm_package_name}} (v{{env.npm_package_version}})\\n\\","<!-- utility2-comment\\n\\","    </a>\\n\\","utility2-comment -->\\n\\","</h1>\\n\\","<h3>{{env.npm_package_description}}</h3>\\n\\","<!-- utility2-comment\\n\\","<h4><a download href=\"assets.app.js\">download standalone app</a></h4>\\n\\","<button class=\"onclick onreset\" id=\"testRunButton1\">run internal test</button><br>\\n\\","<div id=\"testReportDiv1\" style=\"display: none;\"></div>\\n\\","utility2-comment -->\\n\\","\\n\\","\\n\\","\\n\\","<label>stderr and stdout</label>\\n\\","<textarea class=\"resettable\" id=\"outputTextareaStdout1\" readonly></textarea>\\n\\","<!-- utility2-comment\\n\\","{{#if isRollup}}\\n\\","<script src=\"assets.app.js\"></script>\\n\\","{{#unless isRollup}}\\n\\","utility2-comment -->\\n\\","<script src=\"assets.utility2.rollup.js\"></script>\\n\\","<script src=\"jsonp.utility2._stateInit?callback=window.utility2._stateInit\"></script>\\n\\","<script src=\"assets.npmtest_rx_lite.rollup.js\"></script>\\n\\","<script src=\"assets.example.js\"></script>\\n\\","<script src=\"assets.test.js\"></script>\\n\\","<!-- utility2-comment\\n\\","{{/if isRollup}}\\n\\","utility2-comment -->\\n\\","<div class=\"utility2FooterDiv\">\\n\\","    [ this app was created with\\n\\","    <a href=\"https://github.com/kaizhu256/node-utility2\" target=\"_blank\">utility2</a>\\n\\","    ]\\n\\","</div>\\n\\","</body>\\n\\","</html>\\n\\","';","        /* jslint-ignore-end */","        if (local.templateRender) {","            local.assetsDict['/'] = local.templateRender(","                local.assetsDict['/assets.index.template.html'],","                {","                    env: local.objectSetDefault(local.env, {","                        npm_package_description: 'the greatest app in the world!',","                        npm_package_name: 'my-app',","                        npm_package_nameAlias: 'my_app',","                        npm_package_version: '0.0.1'","                    })","                }","            );","        } else {","            local.assetsDict['/'] = local.assetsDict['/assets.index.template.html']","                .replace((/\\{\\{env\\.(\\w+?)\\}\\}/g), function (match0, match1) {","                    // jslint-hack","                    String(match0);","                    switch (match1) {","                    case 'npm_package_description':","                        return 'the greatest app in the world!';","                    case 'npm_package_name':","                        return 'my-app';","                    case 'npm_package_nameAlias':","                        return 'my_app';","                    case 'npm_package_version':","                        return '0.0.1';","                    }","                });","        }","        // run the cli","        if (local.global.utility2_rollup || module !== require.main) {","            break;","        }","        local.assetsDict['/assets.example.js'] =","            local.assetsDict['/assets.example.js'] ||","            local.fs.readFileSync(__filename, 'utf8');","        // bug-workaround - long $npm_package_buildCustomOrg","        /* jslint-ignore-begin */","        local.assetsDict['/assets.npmtest_rx_lite.rollup.js'] =","            local.assetsDict['/assets.npmtest_rx_lite.rollup.js'] ||","            local.fs.readFileSync(","                local.npmtest_rx_lite.__dirname + '/lib.npmtest_rx_lite.js',","                'utf8'","            ).replace((/^#!/), '//');","        /* jslint-ignore-end */","        local.assetsDict['/favicon.ico'] = local.assetsDict['/favicon.ico'] || '';","        // if $npm_config_timeout_exit exists,","        // then exit this process after $npm_config_timeout_exit ms","        if (Number(process.env.npm_config_timeout_exit)) {","            setTimeout(process.exit, Number(process.env.npm_config_timeout_exit));","        }","        // start server","        if (local.global.utility2_serverHttp1) {","            break;","        }","        process.env.PORT = process.env.PORT || '8081';","        console.error('server starting on port ' + process.env.PORT);","        local.http.createServer(function (request, response) {","            request.urlParsed = local.url.parse(request.url);","            if (local.assetsDict[request.urlParsed.pathname] !== undefined) {","                response.end(local.assetsDict[request.urlParsed.pathname]);","                return;","            }","            response.statusCode = 404;","            response.end();","        }).listen(process.env.PORT);","        break;","    }","}());",""],"l":{"26":2,"28":2,"33":2,"35":2,"37":2,"38":2,"39":2,"44":1,"51":2,"55":2,"59":2,"61":2,"69":1,"70":2,"76":2,"79":2,"82":2,"83":2,"85":1,"89":2,"92":1,"93":1,"94":1,"96":1,"97":1,"100":1,"101":1,"103":1,"106":1,"108":2,"114":1,"116":1,"118":1,"123":1,"124":2,"125":2,"126":3,"127":3,"128":3,"129":3,"130":1,"133":3,"134":3,"139":3,"143":1,"144":3,"145":1,"149":1,"150":1,"158":1,"160":1,"161":1,"162":1,"164":1,"166":1,"258":1,"259":1,"271":1,"274":6,"275":6,"277":1,"279":2,"281":1,"283":2,"288":1,"289":1,"291":1,"296":1,"303":1,"306":1,"307":1,"310":1,"311":1,"313":1,"314":1,"315":1,"316":1,"317":1,"318":1,"319":1,"321":1,"322":1,"324":1}},"/home/travis/build/npmtest/node-npmtest-rx-lite/node_modules/rx-lite/rx.lite.js":{"path":"/home/travis/build/npmtest/node-npmtest-rx-lite/node_modules/rx-lite/rx.lite.js","s":{"1":1,"2":1,"3":1,"4":4,"5":1,"6":1,"7":1,"8":1,"9":1,"10":1,"11":1,"12":1,"13":1,"14":1,"15":0,"16":0,"17":0,"18":0,"19":0,"20":0,"21":1,"22":3,"23":1,"24":0,"25":0,"26":1,"27":1,"28":0,"29":0,"30":0,"31":0,"32":1,"33":1,"34":1,"35":1,"36":1,"37":1,"38":1,"39":1,"40":1,"41":0,"42":1,"43":1,"44":0,"45":1,"46":1,"47":1,"48":1,"49":1,"50":1,"51":1,"52":0,"53":0,"54":0,"55":0,"56":0,"57":0,"58":0,"59":0,"60":1,"61":0,"62":0,"63":0,"64":0,"65":0,"66":0,"67":1,"68":0,"69":0,"70":0,"71":0,"72":0,"73":1,"74":0,"75":1,"76":2,"77":0,"78":2,"79":2,"80":2,"81":2,"82":2,"83":2,"84":0,"85":2,"86":2,"87":1,"88":2,"89":2,"90":2,"91":0,"92":0,"93":0,"94":0,"95":0,"96":0,"97":1,"98":0,"99":0,"100":1,"101":1,"102":1,"103":0,"104":0,"105":1,"106":1,"107":1,"108":0,"109":0,"110":1,"111":1,"112":1,"113":0,"114":0,"115":1,"116":1,"117":1,"118":0,"119":0,"120":1,"121":1,"122":1,"123":0,"124":1,"125":0,"126":1,"127":1,"128":0,"129":1,"130":1,"131":0,"132":1,"133":0,"134":1,"135":1,"136":0,"137":0,"138":0,"139":0,"140":0,"141":0,"142":0,"143":0,"144":0,"145":0,"146":0,"147":0,"148":0,"149":1,"150":1,"151":1,"152":1,"153":1,"154":1,"155":1,"156":1,"157":0,"158":0,"159":0,"160":0,"161":0,"162":0,"163":0,"164":0,"165":0,"166":0,"167":0,"168":0,"169":0,"170":1,"171":0,"172":0,"173":0,"174":0,"175":0,"176":0,"177":0,"178":0,"179":0,"180":0,"181":0,"182":0,"183":0,"184":0,"185":0,"186":0,"187":0,"188":0,"189":0,"190":0,"191":1,"192":0,"193":0,"194":0,"195":0,"196":0,"197":0,"198":1,"199":0,"200":0,"201":1,"202":0,"203":1,"204":0,"205":1,"206":1,"207":1,"208":1,"209":0,"210":0,"211":0,"212":1,"213":0,"214":1,"215":0,"216":1,"217":0,"218":0,"219":0,"220":0,"221":0,"222":1,"223":0,"224":0,"225":0,"226":0,"227":0,"228":0,"229":0,"230":0,"231":0,"232":0,"233":0,"234":0,"235":0,"236":0,"237":0,"238":0,"239":1,"240":0,"241":0,"242":0,"243":0,"244":0,"245":0,"246":0,"247":0,"248":0,"249":0,"250":0,"251":0,"252":0,"253":0,"254":0,"255":0,"256":0,"257":0,"258":0,"259":0,"260":0,"261":0,"262":0,"263":0,"264":0,"265":0,"266":0,"267":0,"268":0,"269":0,"270":0,"271":0,"272":1,"273":0,"274":0,"275":0,"276":0,"277":0,"278":1,"279":0,"280":1,"281":1,"282":1,"283":116,"284":116,"285":116,"286":1,"287":6,"288":12,"289":6,"290":12,"291":12,"292":38,"293":1,"294":0,"295":0,"296":1,"297":0,"298":0,"299":0,"300":0,"301":1,"302":0,"303":0,"304":0,"305":0,"306":0,"307":0,"308":0,"309":0,"310":0,"311":0,"312":1,"313":1,"314":0,"315":0,"316":0,"317":0,"318":1,"319":0,"320":0,"321":0,"322":0,"323":0,"324":0,"325":0,"326":0,"327":0,"328":1,"329":0,"330":0,"331":0,"332":0,"333":0,"334":0,"335":0,"336":0,"337":0,"338":1,"339":0,"340":0,"341":1,"342":0,"343":0,"344":0,"345":1,"346":0,"347":1,"348":1,"349":0,"350":1,"351":0,"352":0,"353":1,"354":0,"355":1,"356":0,"357":0,"358":1,"359":0,"360":1,"361":0,"362":0,"363":0,"364":0,"365":0,"366":1,"367":0,"368":0,"369":0,"370":0,"371":0,"372":1,"373":0,"374":0,"375":1,"376":0,"377":1,"378":0,"379":0,"380":0,"381":0,"382":0,"383":0,"384":1,"385":0,"386":0,"387":0,"388":0,"389":0,"390":1,"391":0,"392":0,"393":0,"394":1,"395":0,"396":0,"397":0,"398":0,"399":0,"400":0,"401":0,"402":0,"403":1,"404":0,"405":0,"406":1,"407":0,"408":0,"409":0,"410":0,"411":0,"412":1,"413":1,"414":0,"415":0,"416":0,"417":1,"418":0,"419":0,"420":0,"421":0,"422":0,"423":0,"424":1,"425":0,"426":0,"427":0,"428":0,"429":1,"430":0,"431":0,"432":0,"433":0,"434":0,"435":1,"436":0,"437":1,"438":1,"439":0,"440":0,"441":0,"442":0,"443":0,"444":0,"445":1,"446":0,"447":1,"448":0,"449":1,"450":0,"451":1,"452":0,"453":1,"454":1,"455":1,"456":0,"457":1,"458":1,"459":0,"460":1,"461":0,"462":0,"463":0,"464":0,"465":0,"466":0,"467":1,"468":0,"469":1,"470":1,"471":1,"472":0,"473":0,"474":1,"475":1,"476":1,"477":1,"478":0,"479":0,"480":0,"481":1,"482":0,"483":0,"484":0,"485":0,"486":0,"487":1,"488":0,"489":0,"490":0,"491":0,"492":0,"493":1,"494":0,"495":0,"496":0,"497":1,"498":0,"499":0,"500":0,"501":0,"502":0,"503":1,"504":0,"505":0,"506":0,"507":0,"508":0,"509":1,"510":0,"511":1,"512":0,"513":1,"514":1,"515":0,"516":0,"517":0,"518":0,"519":0,"520":0,"521":0,"522":1,"523":1,"524":1,"525":1,"526":1,"527":0,"528":1,"529":1,"530":1,"531":1,"532":1,"533":0,"534":0,"535":0,"536":1,"537":1,"538":1,"539":1,"540":0,"541":0,"542":0,"543":0,"544":0,"545":0,"546":0,"547":0,"548":0,"549":0,"550":1,"551":0,"552":1,"553":1,"554":1,"555":1,"556":0,"557":0,"558":0,"559":0,"560":0,"561":0,"562":0,"563":1,"564":0,"565":0,"566":0,"567":0,"568":1,"569":0,"570":0,"571":0,"572":0,"573":1,"574":1,"575":1,"576":1,"577":1,"578":1,"579":1,"580":0,"581":0,"582":0,"583":0,"584":0,"585":1,"586":1,"587":1,"588":1,"589":1,"590":0,"591":1,"592":0,"593":0,"594":0,"595":0,"596":0,"597":0,"598":0,"599":0,"600":0,"601":0,"602":0,"603":1,"604":1,"605":1,"606":0,"607":0,"608":0,"609":0,"610":0,"611":0,"612":0,"613":0,"614":1,"615":1,"616":0,"617":0,"618":0,"619":0,"620":0,"621":0,"622":0,"623":0,"624":0,"625":0,"626":0,"627":0,"628":0,"629":0,"630":0,"631":0,"632":0,"633":0,"634":0,"635":0,"636":0,"637":0,"638":0,"639":0,"640":0,"641":0,"642":0,"643":0,"644":0,"645":0,"646":0,"647":0,"648":0,"649":0,"650":0,"651":0,"652":0,"653":0,"654":0,"655":0,"656":0,"657":0,"658":0,"659":0,"660":0,"661":0,"662":0,"663":0,"664":0,"665":0,"666":1,"667":1,"668":1,"669":1,"670":1,"671":0,"672":0,"673":1,"674":0,"675":0,"676":1,"677":0,"678":0,"679":0,"680":1,"681":0,"682":0,"683":1,"684":0,"685":0,"686":0,"687":1,"688":0,"689":0,"690":1,"691":0,"692":0,"693":0,"694":0,"695":1,"696":1,"697":1,"698":0,"699":0,"700":1,"701":0,"702":0,"703":0,"704":1,"705":0,"706":0,"707":1,"708":1,"709":0,"710":1,"711":0,"712":0,"713":0,"714":0,"715":0,"716":0,"717":0,"718":0,"719":0,"720":0,"721":1,"722":0,"723":0,"724":0,"725":0,"726":0,"727":0,"728":0,"729":0,"730":0,"731":0,"732":0,"733":0,"734":0,"735":1,"736":0,"737":1,"738":0,"739":0,"740":0,"741":1,"742":0,"743":0,"744":0,"745":1,"746":0,"747":0,"748":0,"749":1,"750":0,"751":0,"752":0,"753":0,"754":0,"755":1,"756":1,"757":1,"758":1,"759":0,"760":1,"761":0,"762":1,"763":0,"764":1,"765":0,"766":0,"767":0,"768":0,"769":0,"770":0,"771":1,"772":1,"773":1,"774":1,"775":0,"776":0,"777":1,"778":0,"779":1,"780":0,"781":1,"782":0,"783":1,"784":1,"785":1,"786":1,"787":0,"788":0,"789":1,"790":0,"791":1,"792":0,"793":1,"794":0,"795":1,"796":1,"797":1,"798":1,"799":0,"800":1,"801":0,"802":1,"803":0,"804":1,"805":0,"806":1,"807":1,"808":0,"809":1,"810":0,"811":1,"812":0,"813":1,"814":1,"815":0,"816":0,"817":0,"818":0,"819":1,"820":1,"821":1,"822":0,"823":1,"824":1,"825":1,"826":1,"827":0,"828":1,"829":0,"830":0,"831":0,"832":1,"833":0,"834":0,"835":0,"836":1,"837":0,"838":1,"839":0,"840":0,"841":0,"842":0,"843":0,"844":1,"845":1,"846":1,"847":1,"848":0,"849":0,"850":0,"851":0,"852":1,"853":0,"854":1,"855":0,"856":1,"857":0,"858":1,"859":1,"860":1,"861":1,"862":0,"863":0,"864":0,"865":0,"866":0,"867":0,"868":1,"869":2,"870":0,"871":0,"872":0,"873":0,"874":1,"875":1,"876":0,"877":1,"878":0,"879":1,"880":0,"881":0,"882":1,"883":0,"884":0,"885":1,"886":0,"887":0,"888":1,"889":1,"890":1,"891":1,"892":0,"893":0,"894":0,"895":0,"896":0,"897":0,"898":0,"899":1,"900":0,"901":0,"902":1,"903":0,"904":0,"905":1,"906":0,"907":0,"908":1,"909":0,"910":1,"911":0,"912":1,"913":0,"914":1,"915":0,"916":0,"917":0,"918":0,"919":0,"920":0,"921":0,"922":0,"923":0,"924":0,"925":0,"926":1,"927":0,"928":0,"929":0,"930":0,"931":0,"932":1,"933":0,"934":0,"935":1,"936":1,"937":1,"938":1,"939":0,"940":1,"941":0,"942":0,"943":0,"944":0,"945":0,"946":1,"947":2,"948":1,"949":0,"950":0,"951":0,"952":0,"953":0,"954":1,"955":1,"956":1,"957":1,"958":1,"959":0,"960":0,"961":0,"962":0,"963":0,"964":1,"965":0,"966":1,"967":1,"968":0,"969":0,"970":0,"971":0,"972":0,"973":0,"974":1,"975":0,"976":0,"977":1,"978":0,"979":0,"980":0,"981":0,"982":0,"983":0,"984":0,"985":1,"986":0,"987":1,"988":0,"989":1,"990":1,"991":1,"992":0,"993":0,"994":1,"995":0,"996":0,"997":0,"998":1,"999":1,"1000":1,"1001":0,"1002":0,"1003":1,"1004":0,"1005":0,"1006":0,"1007":0,"1008":0,"1009":0,"1010":0,"1011":0,"1012":0,"1013":0,"1014":0,"1015":0,"1016":1,"1017":0,"1018":0,"1019":0,"1020":0,"1021":1,"1022":0,"1023":0,"1024":0,"1025":1,"1026":1,"1027":0,"1028":1,"1029":0,"1030":1,"1031":0,"1032":1,"1033":1,"1034":0,"1035":1,"1036":1,"1037":0,"1038":0,"1039":1,"1040":1,"1041":0,"1042":0,"1043":0,"1044":0,"1045":0,"1046":0,"1047":0,"1048":0,"1049":0,"1050":0,"1051":0,"1052":0,"1053":1,"1054":0,"1055":0,"1056":0,"1057":0,"1058":1,"1059":0,"1060":0,"1061":0,"1062":1,"1063":1,"1064":0,"1065":1,"1066":0,"1067":0,"1068":1,"1069":0,"1070":1,"1071":1,"1072":0,"1073":1,"1074":1,"1075":1,"1076":0,"1077":0,"1078":1,"1079":0,"1080":1,"1081":0,"1082":0,"1083":1,"1084":0,"1085":0,"1086":0,"1087":0,"1088":0,"1089":1,"1090":1,"1091":0,"1092":1,"1093":1,"1094":1,"1095":0,"1096":0,"1097":1,"1098":0,"1099":1,"1100":0,"1101":0,"1102":0,"1103":0,"1104":1,"1105":0,"1106":1,"1107":1,"1108":0,"1109":1,"1110":1,"1111":1,"1112":0,"1113":0,"1114":1,"1115":0,"1116":1,"1117":1,"1118":0,"1119":0,"1120":0,"1121":1,"1122":0,"1123":1,"1124":0,"1125":1,"1126":0,"1127":0,"1128":1,"1129":1,"1130":0,"1131":1,"1132":0,"1133":1,"1134":1,"1135":1,"1136":0,"1137":0,"1138":1,"1139":0,"1140":0,"1141":0,"1142":0,"1143":0,"1144":1,"1145":1,"1146":0,"1147":1,"1148":1,"1149":1,"1150":1,"1151":1,"1152":1,"1153":0,"1154":0,"1155":1,"1156":0,"1157":0,"1158":1,"1159":0,"1160":0,"1161":1,"1162":0,"1163":0,"1164":1,"1165":1,"1166":1,"1167":0,"1168":0,"1169":1,"1170":1,"1171":1,"1172":0,"1173":0,"1174":0,"1175":0,"1176":1,"1177":0,"1178":0,"1179":0,"1180":0,"1181":0,"1182":0,"1183":0,"1184":0,"1185":0,"1186":0,"1187":0,"1188":0,"1189":0,"1190":1,"1191":0,"1192":0,"1193":1,"1194":1,"1195":1,"1196":0,"1197":1,"1198":0,"1199":1,"1200":0,"1201":0,"1202":0,"1203":1,"1204":0,"1205":1,"1206":0,"1207":1,"1208":0,"1209":1,"1210":0,"1211":1,"1212":0,"1213":0,"1214":0,"1215":1,"1216":0,"1217":1,"1218":0,"1219":1,"1220":0,"1221":1,"1222":0,"1223":1,"1224":0,"1225":0,"1226":0,"1227":0,"1228":0,"1229":0,"1230":0,"1231":0,"1232":0,"1233":0,"1234":1,"1235":0,"1236":0,"1237":0,"1238":0,"1239":0,"1240":0,"1241":1,"1242":0,"1243":0,"1244":0,"1245":0,"1246":0,"1247":0,"1248":0,"1249":0,"1250":0,"1251":0,"1252":0,"1253":1,"1254":0,"1255":0,"1256":0,"1257":0,"1258":0,"1259":0,"1260":0,"1261":0,"1262":1,"1263":1,"1264":1,"1265":0,"1266":0,"1267":0,"1268":1,"1269":0,"1270":0,"1271":0,"1272":0,"1273":0,"1274":0,"1275":1,"1276":0,"1277":1,"1278":1,"1279":0,"1280":0,"1281":1,"1282":1,"1283":1,"1284":1,"1285":1,"1286":0,"1287":1,"1288":1,"1289":1,"1290":0,"1291":1,"1292":0,"1293":0,"1294":1,"1295":0,"1296":0,"1297":0,"1298":0,"1299":1,"1300":0,"1301":0,"1302":0,"1303":0,"1304":1,"1305":1,"1306":1,"1307":0,"1308":0,"1309":0,"1310":0,"1311":1,"1312":0,"1313":0,"1314":0,"1315":0,"1316":0,"1317":0,"1318":1,"1319":0,"1320":1,"1321":1,"1322":0,"1323":0,"1324":1,"1325":1,"1326":1,"1327":0,"1328":0,"1329":0,"1330":0,"1331":1,"1332":0,"1333":0,"1334":0,"1335":0,"1336":0,"1337":1,"1338":0,"1339":1,"1340":1,"1341":0,"1342":0,"1343":1,"1344":1,"1345":1,"1346":0,"1347":0,"1348":0,"1349":0,"1350":1,"1351":0,"1352":0,"1353":1,"1354":1,"1355":0,"1356":0,"1357":1,"1358":0,"1359":1,"1360":0,"1361":0,"1362":0,"1363":0,"1364":0,"1365":0,"1366":0,"1367":1,"1368":0,"1369":0,"1370":1,"1371":1,"1372":1,"1373":0,"1374":0,"1375":0,"1376":1,"1377":0,"1378":0,"1379":1,"1380":0,"1381":0,"1382":0,"1383":0,"1384":1,"1385":1,"1386":0,"1387":0,"1388":1,"1389":1,"1390":1,"1391":0,"1392":0,"1393":0,"1394":1,"1395":0,"1396":0,"1397":1,"1398":0,"1399":0,"1400":0,"1401":1,"1402":1,"1403":0,"1404":0,"1405":1,"1406":1,"1407":1,"1408":0,"1409":0,"1410":0,"1411":1,"1412":0,"1413":0,"1414":0,"1415":0,"1416":1,"1417":1,"1418":1,"1419":1,"1420":0,"1421":0,"1422":0,"1423":0,"1424":1,"1425":0,"1426":1,"1427":0,"1428":1,"1429":0,"1430":0,"1431":0,"1432":0,"1433":0,"1434":0,"1435":0,"1436":1,"1437":1,"1438":0,"1439":1,"1440":0,"1441":0,"1442":0,"1443":0,"1444":0,"1445":0,"1446":0,"1447":0,"1448":1,"1449":0,"1450":0,"1451":0,"1452":0,"1453":0,"1454":0,"1455":0,"1456":1,"1457":0,"1458":1,"1459":0,"1460":0,"1461":0,"1462":0,"1463":1,"1464":1,"1465":1,"1466":0,"1467":0,"1468":0,"1469":1,"1470":0,"1471":0,"1472":0,"1473":0,"1474":0,"1475":0,"1476":0,"1477":0,"1478":1,"1479":1,"1480":1,"1481":1,"1482":0,"1483":0,"1484":0,"1485":0,"1486":0,"1487":1,"1488":0,"1489":0,"1490":1,"1491":0,"1492":0,"1493":0,"1494":0,"1495":0,"1496":0,"1497":0,"1498":0,"1499":0,"1500":1,"1501":0,"1502":1,"1503":0,"1504":0,"1505":1,"1506":1,"1507":0,"1508":0,"1509":0,"1510":0,"1511":0,"1512":0,"1513":1,"1514":0,"1515":0,"1516":0,"1517":0,"1518":1,"1519":1,"1520":1,"1521":0,"1522":0,"1523":0,"1524":1,"1525":0,"1526":1,"1527":0,"1528":1,"1529":0,"1530":0,"1531":1,"1532":1,"1533":1,"1534":1,"1535":0,"1536":0,"1537":1,"1538":0,"1539":0,"1540":0,"1541":0,"1542":0,"1543":0,"1544":0,"1545":0,"1546":0,"1547":1,"1548":0,"1549":0,"1550":0,"1551":0,"1552":0,"1553":1,"1554":1,"1555":0,"1556":0,"1557":0,"1558":0,"1559":0,"1560":0,"1561":0,"1562":1,"1563":0,"1564":1,"1565":1,"1566":1,"1567":0,"1568":0,"1569":0,"1570":1,"1571":0,"1572":0,"1573":0,"1574":1,"1575":1,"1576":1,"1577":0,"1578":0,"1579":0,"1580":0,"1581":0,"1582":0,"1583":0,"1584":1,"1585":1,"1586":0,"1587":0,"1588":0,"1589":0,"1590":1,"1591":0,"1592":0,"1593":0,"1594":0,"1595":1,"1596":0,"1597":1,"1598":0,"1599":0,"1600":1,"1601":0,"1602":0,"1603":0,"1604":1,"1605":1,"1606":0,"1607":1,"1608":0,"1609":1,"1610":0,"1611":0,"1612":0,"1613":0,"1614":0,"1615":1,"1616":1,"1617":0,"1618":1,"1619":0,"1620":0,"1621":0,"1622":0,"1623":0,"1624":0,"1625":0,"1626":0,"1627":0,"1628":0,"1629":0,"1630":0,"1631":0,"1632":0,"1633":0,"1634":1,"1635":0,"1636":0,"1637":0,"1638":1,"1639":1,"1640":1,"1641":1,"1642":1,"1643":0,"1644":0,"1645":1,"1646":0,"1647":0,"1648":0,"1649":0,"1650":1,"1651":1,"1652":1,"1653":1,"1654":0,"1655":0,"1656":0,"1657":1,"1658":0,"1659":0,"1660":0,"1661":0,"1662":0,"1663":1,"1664":0,"1665":0,"1666":0,"1667":0,"1668":1,"1669":0,"1670":0,"1671":0,"1672":1,"1673":0,"1674":0,"1675":1,"1676":1,"1677":0,"1678":0,"1679":0,"1680":0,"1681":1,"1682":0,"1683":1,"1684":0,"1685":0,"1686":0,"1687":1,"1688":0,"1689":0,"1690":1,"1691":1,"1692":0,"1693":0,"1694":0,"1695":0,"1696":0,"1697":0,"1698":0,"1699":0,"1700":0,"1701":1,"1702":1,"1703":1,"1704":0,"1705":0,"1706":1,"1707":0,"1708":0,"1709":0,"1710":0,"1711":1,"1712":1,"1713":1,"1714":0,"1715":0,"1716":0,"1717":0,"1718":1,"1719":1,"1720":0,"1721":0,"1722":0,"1723":0,"1724":1,"1725":0,"1726":1,"1727":0,"1728":0,"1729":1,"1730":0,"1731":0,"1732":0,"1733":1,"1734":1,"1735":0,"1736":1,"1737":0,"1738":1,"1739":0,"1740":0,"1741":1,"1742":1,"1743":0,"1744":1,"1745":1,"1746":1,"1747":0,"1748":0,"1749":0,"1750":0,"1751":1,"1752":0,"1753":0,"1754":0,"1755":0,"1756":0,"1757":0,"1758":1,"1759":1,"1760":1,"1761":1,"1762":0,"1763":0,"1764":0,"1765":1,"1766":0,"1767":1,"1768":0,"1769":1,"1770":0,"1771":1,"1772":1,"1773":1,"1774":1,"1775":0,"1776":0,"1777":0,"1778":0,"1779":1,"1780":0,"1781":0,"1782":1,"1783":0,"1784":1,"1785":0,"1786":1,"1787":1,"1788":0,"1789":1,"1790":1,"1791":1,"1792":0,"1793":0,"1794":1,"1795":0,"1796":0,"1797":1,"1798":1,"1799":0,"1800":0,"1801":0,"1802":0,"1803":0,"1804":0,"1805":1,"1806":0,"1807":0,"1808":0,"1809":0,"1810":0,"1811":1,"1812":0,"1813":1,"1814":0,"1815":0,"1816":1,"1817":1,"1818":0,"1819":0,"1820":0,"1821":1,"1822":0,"1823":1,"1824":0,"1825":1,"1826":0,"1827":0,"1828":0,"1829":1,"1830":1,"1831":0,"1832":1,"1833":1,"1834":1,"1835":0,"1836":0,"1837":0,"1838":1,"1839":0,"1840":1,"1841":1,"1842":1,"1843":1,"1844":0,"1845":0,"1846":1,"1847":0,"1848":1,"1849":0,"1850":1,"1851":1,"1852":1,"1853":0,"1854":1,"1855":0,"1856":1,"1857":0,"1858":0,"1859":0,"1860":0,"1861":1,"1862":1,"1863":1,"1864":0,"1865":0,"1866":0,"1867":0,"1868":1,"1869":0,"1870":0,"1871":0,"1872":0,"1873":0,"1874":0,"1875":0,"1876":0,"1877":0,"1878":0,"1879":0,"1880":0,"1881":1,"1882":1,"1883":1,"1884":1,"1885":0,"1886":0,"1887":0,"1888":0,"1889":1,"1890":0,"1891":0,"1892":0,"1893":1,"1894":0,"1895":1,"1896":1,"1897":1,"1898":1,"1899":1,"1900":0,"1901":0,"1902":0,"1903":0,"1904":1,"1905":0,"1906":0,"1907":0,"1908":0,"1909":0,"1910":0,"1911":0,"1912":1,"1913":0,"1914":1,"1915":0,"1916":1,"1917":1,"1918":0,"1919":0,"1920":0,"1921":0,"1922":0,"1923":0,"1924":0,"1925":0,"1926":1,"1927":0,"1928":1,"1929":0,"1930":1,"1931":1,"1932":1,"1933":0,"1934":0,"1935":0,"1936":1,"1937":0,"1938":0,"1939":0,"1940":0,"1941":0,"1942":0,"1943":0,"1944":1,"1945":1,"1946":1,"1947":1,"1948":0,"1949":0,"1950":0,"1951":0,"1952":0,"1953":0,"1954":1,"1955":0,"1956":1,"1957":0,"1958":1,"1959":0,"1960":0,"1961":1,"1962":0,"1963":0,"1964":0,"1965":0,"1966":0,"1967":0,"1968":0,"1969":0,"1970":0,"1971":1,"1972":0,"1973":1,"1974":0,"1975":0,"1976":1,"1977":1,"1978":0,"1979":0,"1980":0,"1981":0,"1982":0,"1983":0,"1984":0,"1985":0,"1986":0,"1987":0,"1988":1,"1989":0,"1990":0,"1991":0,"1992":0,"1993":0,"1994":0,"1995":0,"1996":1,"1997":0,"1998":1,"1999":0,"2000":1,"2001":0,"2002":0,"2003":0,"2004":0,"2005":1,"2006":1,"2007":1,"2008":0,"2009":0,"2010":0,"2011":1,"2012":0,"2013":0,"2014":0,"2015":0,"2016":0,"2017":0,"2018":0,"2019":0,"2020":0,"2021":1,"2022":1,"2023":1,"2024":1,"2025":0,"2026":0,"2027":0,"2028":1,"2029":0,"2030":1,"2031":0,"2032":1,"2033":0,"2034":0,"2035":1,"2036":0,"2037":0,"2038":0,"2039":0,"2040":0,"2041":0,"2042":0,"2043":0,"2044":1,"2045":0,"2046":1,"2047":0,"2048":0,"2049":1,"2050":1,"2051":0,"2052":0,"2053":0,"2054":0,"2055":0,"2056":0,"2057":0,"2058":0,"2059":0,"2060":1,"2061":0,"2062":0,"2063":1,"2064":0,"2065":1,"2066":1,"2067":1,"2068":0,"2069":0,"2070":1,"2071":0,"2072":1,"2073":1,"2074":1,"2075":1,"2076":0,"2077":0,"2078":1,"2079":0,"2080":1,"2081":0,"2082":1,"2083":0,"2084":1,"2085":1,"2086":0,"2087":1,"2088":1,"2089":1,"2090":0,"2091":0,"2092":0,"2093":0,"2094":1,"2095":0,"2096":1,"2097":1,"2098":1,"2099":1,"2100":0,"2101":0,"2102":0,"2103":0,"2104":0,"2105":0,"2106":1,"2107":0,"2108":0,"2109":0,"2110":0,"2111":0,"2112":0,"2113":0,"2114":0,"2115":0,"2116":0,"2117":0,"2118":0,"2119":0,"2120":1,"2121":0,"2122":1,"2123":0,"2124":1,"2125":1,"2126":0,"2127":0,"2128":1,"2129":1,"2130":1,"2131":0,"2132":0,"2133":0,"2134":0,"2135":0,"2136":1,"2137":0,"2138":1,"2139":1,"2140":0,"2141":0,"2142":0,"2143":0,"2144":1,"2145":0,"2146":0,"2147":0,"2148":0,"2149":1,"2150":0,"2151":0,"2152":0,"2153":0,"2154":1,"2155":0,"2156":0,"2157":0,"2158":0,"2159":1,"2160":1,"2161":0,"2162":1,"2163":0,"2164":0,"2165":1,"2166":0,"2167":0,"2168":1,"2169":0,"2170":0,"2171":1,"2172":1,"2173":1,"2174":0,"2175":0,"2176":0,"2177":1,"2178":0,"2179":0,"2180":0,"2181":0,"2182":0,"2183":1,"2184":0,"2185":0,"2186":0,"2187":1,"2188":0,"2189":0,"2190":0,"2191":0,"2192":1,"2193":1,"2194":0,"2195":1,"2196":1,"2197":1,"2198":0,"2199":0,"2200":1,"2201":0,"2202":1,"2203":0,"2204":0,"2205":1,"2206":1,"2207":0,"2208":0,"2209":0,"2210":1,"2211":0,"2212":0,"2213":0,"2214":1,"2215":0,"2216":1,"2217":0,"2218":0,"2219":0,"2220":0,"2221":0,"2222":1,"2223":1,"2224":0,"2225":1,"2226":1,"2227":1,"2228":0,"2229":0,"2230":1,"2231":0,"2232":1,"2233":1,"2234":1,"2235":1,"2236":0,"2237":0,"2238":1,"2239":0,"2240":1,"2241":0,"2242":0,"2243":1,"2244":0,"2245":0,"2246":1,"2247":1,"2248":0,"2249":1,"2250":0,"2251":1,"2252":0,"2253":1,"2254":0,"2255":0,"2256":0,"2257":1,"2258":1,"2259":0,"2260":0,"2261":0,"2262":0,"2263":1,"2264":0,"2265":0,"2266":0,"2267":1,"2268":1,"2269":0,"2270":0,"2271":0,"2272":0,"2273":0,"2274":0,"2275":0,"2276":0,"2277":0,"2278":0,"2279":0,"2280":0,"2281":0,"2282":0,"2283":0,"2284":0,"2285":0,"2286":0,"2287":0,"2288":0,"2289":0,"2290":0,"2291":0,"2292":0,"2293":0,"2294":0,"2295":1,"2296":1,"2297":0,"2298":1,"2299":0,"2300":0,"2301":0,"2302":1,"2303":1,"2304":0,"2305":0,"2306":0,"2307":0,"2308":1,"2309":0,"2310":0,"2311":0,"2312":1,"2313":1,"2314":0,"2315":0,"2316":0,"2317":0,"2318":0,"2319":0,"2320":0,"2321":0,"2322":0,"2323":0,"2324":0,"2325":0,"2326":0,"2327":0,"2328":0,"2329":0,"2330":0,"2331":0,"2332":0,"2333":0,"2334":0,"2335":0,"2336":0,"2337":0,"2338":0,"2339":0,"2340":1,"2341":1,"2342":0,"2343":1,"2344":1,"2345":1,"2346":0,"2347":0,"2348":0,"2349":0,"2350":0,"2351":1,"2352":0,"2353":1,"2354":1,"2355":1,"2356":1,"2357":0,"2358":0,"2359":0,"2360":0,"2361":0,"2362":0,"2363":0,"2364":0,"2365":0,"2366":0,"2367":1,"2368":0,"2369":0,"2370":0,"2371":0,"2372":0,"2373":0,"2374":0,"2375":0,"2376":0,"2377":1,"2378":0,"2379":1,"2380":0,"2381":0,"2382":1,"2383":1,"2384":0,"2385":0,"2386":0,"2387":0,"2388":0,"2389":1,"2390":1,"2391":1,"2392":0,"2393":0,"2394":0,"2395":1,"2396":0,"2397":1,"2398":1,"2399":1,"2400":1,"2401":0,"2402":0,"2403":0,"2404":0,"2405":1,"2406":0,"2407":0,"2408":1,"2409":0,"2410":1,"2411":0,"2412":1,"2413":1,"2414":0,"2415":0,"2416":0,"2417":1,"2418":0,"2419":0,"2420":0,"2421":0,"2422":0,"2423":0,"2424":0,"2425":0,"2426":1,"2427":1,"2428":1,"2429":0,"2430":0,"2431":0,"2432":0,"2433":1,"2434":0,"2435":0,"2436":1,"2437":0,"2438":1,"2439":0,"2440":0,"2441":0,"2442":1,"2443":1,"2444":0,"2445":0,"2446":0,"2447":0,"2448":0,"2449":1,"2450":0,"2451":1,"2452":1,"2453":1,"2454":0,"2455":0,"2456":0,"2457":1,"2458":0,"2459":0,"2460":1,"2461":0,"2462":1,"2463":0,"2464":1,"2465":1,"2466":0,"2467":0,"2468":0,"2469":0,"2470":0,"2471":1,"2472":0,"2473":0,"2474":0,"2475":0,"2476":1,"2477":0,"2478":1,"2479":0,"2480":1,"2481":1,"2482":0,"2483":0,"2484":0,"2485":1,"2486":0,"2487":0,"2488":0,"2489":0,"2490":0,"2491":0,"2492":0,"2493":0,"2494":1,"2495":0,"2496":0,"2497":0,"2498":0,"2499":0,"2500":0,"2501":1,"2502":0,"2503":1,"2504":0,"2505":1,"2506":1,"2507":1,"2508":0,"2509":0,"2510":0,"2511":1,"2512":0,"2513":1,"2514":0,"2515":0,"2516":0,"2517":1,"2518":1,"2519":0,"2520":0,"2521":0,"2522":1,"2523":0,"2524":1,"2525":0,"2526":1,"2527":1,"2528":0,"2529":0,"2530":0,"2531":1,"2532":1,"2533":1,"2534":0,"2535":0,"2536":0,"2537":1,"2538":0,"2539":1,"2540":1,"2541":1,"2542":1,"2543":0,"2544":0,"2545":0,"2546":0,"2547":0,"2548":1,"2549":0,"2550":0,"2551":0,"2552":0,"2553":0,"2554":0,"2555":1,"2556":0,"2557":1,"2558":0,"2559":1,"2560":1,"2561":0,"2562":0,"2563":1,"2564":1,"2565":1,"2566":0,"2567":0,"2568":0,"2569":1,"2570":0,"2571":1,"2572":0,"2573":0,"2574":0,"2575":0,"2576":1,"2577":1,"2578":0,"2579":0,"2580":0,"2581":1,"2582":0,"2583":1,"2584":0,"2585":1,"2586":1,"2587":0,"2588":0,"2589":0,"2590":0,"2591":0,"2592":1,"2593":1,"2594":1,"2595":0,"2596":0,"2597":0,"2598":1,"2599":0,"2600":1,"2601":1,"2602":1,"2603":1,"2604":0,"2605":0,"2606":0,"2607":0,"2608":0,"2609":1,"2610":0,"2611":0,"2612":0,"2613":0,"2614":0,"2615":0,"2616":0,"2617":1,"2618":0,"2619":1,"2620":0,"2621":1,"2622":1,"2623":0,"2624":0,"2625":1,"2626":1,"2627":1,"2628":0,"2629":0,"2630":0,"2631":1,"2632":0,"2633":1,"2634":0,"2635":0,"2636":1,"2637":0,"2638":1,"2639":1,"2640":0,"2641":0,"2642":0,"2643":0,"2644":0,"2645":1,"2646":0,"2647":0,"2648":0,"2649":0,"2650":1,"2651":0,"2652":1,"2653":0,"2654":1,"2655":1,"2656":0,"2657":1,"2658":0,"2659":0,"2660":0,"2661":0,"2662":1,"2663":0,"2664":0,"2665":0,"2666":0,"2667":0,"2668":0,"2669":0,"2670":0,"2671":0,"2672":0,"2673":0,"2674":0,"2675":0,"2676":1,"2677":0,"2678":0,"2679":0,"2680":0,"2681":0,"2682":0,"2683":1,"2684":0,"2685":0,"2686":0,"2687":0,"2688":1,"2689":0,"2690":0,"2691":0,"2692":0,"2693":0,"2694":0,"2695":0,"2696":0,"2697":0,"2698":0,"2699":0,"2700":0,"2701":0,"2702":0,"2703":0,"2704":0,"2705":1,"2706":0,"2707":0,"2708":0,"2709":0,"2710":0,"2711":0,"2712":1,"2713":0,"2714":0,"2715":0,"2716":1,"2717":0,"2718":0,"2719":0,"2720":0,"2721":0,"2722":1,"2723":0,"2724":0,"2725":0,"2726":1,"2727":0,"2728":0,"2729":0,"2730":0,"2731":0,"2732":0,"2733":0,"2734":0,"2735":1,"2736":1,"2737":1,"2738":1,"2739":0,"2740":0,"2741":0,"2742":0,"2743":1,"2744":0,"2745":0,"2746":0,"2747":0,"2748":0,"2749":0,"2750":0,"2751":1,"2752":0,"2753":1,"2754":1,"2755":0,"2756":0,"2757":0,"2758":0,"2759":0,"2760":0,"2761":0,"2762":0,"2763":0,"2764":0,"2765":1,"2766":1,"2767":1,"2768":0,"2769":0,"2770":0,"2771":0,"2772":1,"2773":0,"2774":0,"2775":0,"2776":0,"2777":0,"2778":0,"2779":0,"2780":1,"2781":0,"2782":0,"2783":0,"2784":1,"2785":0,"2786":0,"2787":0,"2788":0,"2789":1,"2790":0,"2791":0,"2792":0,"2793":1,"2794":1,"2795":0,"2796":1,"2797":1,"2798":1,"2799":0,"2800":0,"2801":0,"2802":1,"2803":0,"2804":0,"2805":0,"2806":1,"2807":0,"2808":0,"2809":1,"2810":0,"2811":0,"2812":0,"2813":0,"2814":0,"2815":1,"2816":1,"2817":0,"2818":0,"2819":1,"2820":0,"2821":0,"2822":0,"2823":0,"2824":0,"2825":0,"2826":0,"2827":0,"2828":0,"2829":1,"2830":0,"2831":0,"2832":0,"2833":0,"2834":1,"2835":1,"2836":1,"2837":0,"2838":0,"2839":0,"2840":0,"2841":1,"2842":0,"2843":0,"2844":1,"2845":1,"2846":0,"2847":1,"2848":0,"2849":0,"2850":1,"2851":0,"2852":1,"2853":0,"2854":0,"2855":1,"2856":0,"2857":0,"2858":1,"2859":0,"2860":1,"2861":0,"2862":0,"2863":1,"2864":0,"2865":1,"2866":1,"2867":1,"2868":0,"2869":0,"2870":0,"2871":0,"2872":1,"2873":0,"2874":0,"2875":0,"2876":1,"2877":0,"2878":0,"2879":0,"2880":1,"2881":0,"2882":0,"2883":0,"2884":0,"2885":1,"2886":1,"2887":1,"2888":1,"2889":0,"2890":0,"2891":0,"2892":0,"2893":0,"2894":1,"2895":0,"2896":0,"2897":1,"2898":0,"2899":0,"2900":0,"2901":0,"2902":1,"2903":0,"2904":0,"2905":0,"2906":0,"2907":1,"2908":0,"2909":1,"2910":0,"2911":1,"2912":1,"2913":1,"2914":1,"2915":0,"2916":0,"2917":0,"2918":1,"2919":0,"2920":1,"2921":0,"2922":0,"2923":1,"2924":1,"2925":0,"2926":1,"2927":0,"2928":0,"2929":0,"2930":0,"2931":0,"2932":0,"2933":0,"2934":0,"2935":0,"2936":1,"2937":0,"2938":0,"2939":0,"2940":0,"2941":0,"2942":1,"2943":0,"2944":1,"2945":0,"2946":0,"2947":0,"2948":0,"2949":0,"2950":0,"2951":0,"2952":0,"2953":0,"2954":0,"2955":0,"2956":1,"2957":0,"2958":0,"2959":0,"2960":0,"2961":0,"2962":0,"2963":0,"2964":0,"2965":0,"2966":0,"2967":0,"2968":0,"2969":0,"2970":0,"2971":0,"2972":0,"2973":0,"2974":0,"2975":0,"2976":0,"2977":0,"2978":0,"2979":0,"2980":0,"2981":0,"2982":0,"2983":0,"2984":0,"2985":0,"2986":0,"2987":0,"2988":0,"2989":0,"2990":0,"2991":0,"2992":0,"2993":0,"2994":0,"2995":0,"2996":0,"2997":0,"2998":1,"2999":0,"3000":0,"3001":1,"3002":0,"3003":0,"3004":0,"3005":0,"3006":0,"3007":0,"3008":0,"3009":1,"3010":0,"3011":0,"3012":0,"3013":0,"3014":0,"3015":0,"3016":0,"3017":0,"3018":0,"3019":0,"3020":0,"3021":0,"3022":0,"3023":0,"3024":0,"3025":0,"3026":0,"3027":0,"3028":1,"3029":0,"3030":0,"3031":0,"3032":0,"3033":0,"3034":0,"3035":1,"3036":0,"3037":0,"3038":0,"3039":0,"3040":0,"3041":0,"3042":0,"3043":0,"3044":1,"3045":1,"3046":1,"3047":0,"3048":0,"3049":0,"3050":0,"3051":0,"3052":1,"3053":0,"3054":0,"3055":1,"3056":1,"3057":1,"3058":1,"3059":0,"3060":0,"3061":0,"3062":0,"3063":0,"3064":0,"3065":0,"3066":0,"3067":1,"3068":0,"3069":0,"3070":1,"3071":0,"3072":0,"3073":0,"3074":0,"3075":0,"3076":0,"3077":0,"3078":1,"3079":0,"3080":0,"3081":0,"3082":0,"3083":1,"3084":0,"3085":0,"3086":0,"3087":0,"3088":0,"3089":1,"3090":1,"3091":0,"3092":0,"3093":0,"3094":0,"3095":0,"3096":0,"3097":0,"3098":0,"3099":0,"3100":0,"3101":0,"3102":0,"3103":0,"3104":0,"3105":0,"3106":0,"3107":0,"3108":0,"3109":0,"3110":0,"3111":0,"3112":0,"3113":0,"3114":0,"3115":0,"3116":0,"3117":0,"3118":0,"3119":0,"3120":0,"3121":1,"3122":0,"3123":0,"3124":0,"3125":0,"3126":0,"3127":1,"3128":1,"3129":1,"3130":0,"3131":0,"3132":0,"3133":1,"3134":0,"3135":1,"3136":1,"3137":1,"3138":1,"3139":0,"3140":0,"3141":0,"3142":1,"3143":0,"3144":1,"3145":0,"3146":1,"3147":0,"3148":1,"3149":1,"3150":0,"3151":0,"3152":1,"3153":1,"3154":1,"3155":0,"3156":0,"3157":0,"3158":1,"3159":0,"3160":0,"3161":0,"3162":1,"3163":1,"3164":1,"3165":1,"3166":0,"3167":0,"3168":1,"3169":0,"3170":0,"3171":0,"3172":0,"3173":1,"3174":0,"3175":1,"3176":0,"3177":1,"3178":0,"3179":1,"3180":1,"3181":1,"3182":1,"3183":0,"3184":0,"3185":1,"3186":0,"3187":0,"3188":1,"3189":0,"3190":1,"3191":0,"3192":0,"3193":1,"3194":1,"3195":0,"3196":0,"3197":1,"3198":0,"3199":0,"3200":0,"3201":1,"3202":1,"3203":0,"3204":0,"3205":0,"3206":0,"3207":0,"3208":0,"3209":0,"3210":0,"3211":0,"3212":1,"3213":0,"3214":1,"3215":0,"3216":0,"3217":0,"3218":0,"3219":0,"3220":0,"3221":0,"3222":0,"3223":0,"3224":1,"3225":0,"3226":0,"3227":0,"3228":0,"3229":0,"3230":0,"3231":0,"3232":0,"3233":0,"3234":0,"3235":0,"3236":0,"3237":0,"3238":0,"3239":1,"3240":0,"3241":0,"3242":0,"3243":0,"3244":0,"3245":0,"3246":0,"3247":0,"3248":0,"3249":0,"3250":1,"3251":0,"3252":0,"3253":0,"3254":0,"3255":0,"3256":0,"3257":0,"3258":0,"3259":0,"3260":0,"3261":0,"3262":0,"3263":0,"3264":0,"3265":0,"3266":0,"3267":0,"3268":0,"3269":0,"3270":1,"3271":0,"3272":0,"3273":0,"3274":0,"3275":0,"3276":0,"3277":1,"3278":0,"3279":0,"3280":0,"3281":0,"3282":0,"3283":0,"3284":0,"3285":0,"3286":0,"3287":0,"3288":0,"3289":0,"3290":0,"3291":0,"3292":1,"3293":1,"3294":1,"3295":0,"3296":0,"3297":0,"3298":0,"3299":0,"3300":0,"3301":1,"3302":0,"3303":0,"3304":0,"3305":0,"3306":0,"3307":0,"3308":0,"3309":1,"3310":0,"3311":1,"3312":0,"3313":1,"3314":1,"3315":0,"3316":1,"3317":0,"3318":0,"3319":1,"3320":0,"3321":0,"3322":0,"3323":0,"3324":0,"3325":0,"3326":0,"3327":0,"3328":0,"3329":0,"3330":0,"3331":0,"3332":0,"3333":0,"3334":0,"3335":0,"3336":0,"3337":0,"3338":0,"3339":0,"3340":0,"3341":1,"3342":1,"3343":1,"3344":0,"3345":0,"3346":0,"3347":0,"3348":0,"3349":0,"3350":1,"3351":0,"3352":1,"3353":0,"3354":0,"3355":0,"3356":0,"3357":0,"3358":0,"3359":0,"3360":0,"3361":0,"3362":0,"3363":0,"3364":0,"3365":0,"3366":0,"3367":0,"3368":0,"3369":0,"3370":1,"3371":0,"3372":1,"3373":0,"3374":1,"3375":1,"3376":0,"3377":1,"3378":1,"3379":1,"3380":0,"3381":0,"3382":0,"3383":1,"3384":0,"3385":1,"3386":0,"3387":1,"3388":1,"3389":1,"3390":1,"3391":0,"3392":0,"3393":0,"3394":0,"3395":0,"3396":0,"3397":0,"3398":0,"3399":0,"3400":0,"3401":0,"3402":1,"3403":0,"3404":0,"3405":0,"3406":0,"3407":0,"3408":0,"3409":0,"3410":0,"3411":0,"3412":0,"3413":0,"3414":0,"3415":0,"3416":0,"3417":0,"3418":0,"3419":0,"3420":0,"3421":0,"3422":0,"3423":0,"3424":0,"3425":0,"3426":0,"3427":0,"3428":0,"3429":0,"3430":0,"3431":0,"3432":0,"3433":0,"3434":0,"3435":
[...]
"2699":1,"2707":1,"2708":0,"2716":1,"2717":0,"2718":0,"2719":0,"2721":0,"2722":0,"2723":0,"2725":0,"2737":1,"2738":0,"2739":0,"2740":0,"2741":0,"2743":0,"2745":0,"2748":1,"2749":1,"2750":0,"2751":0,"2752":0,"2755":1,"2756":1,"2757":1,"2758":0,"2759":0,"2760":0,"2763":1,"2764":0,"2767":0,"2774":0,"2775":0,"2776":0,"2777":0,"2778":0,"2781":0,"2784":1,"2787":1,"2788":1,"2789":1,"2790":0,"2791":0,"2792":0,"2793":0,"2794":0,"2797":1,"2798":0,"2799":0,"2803":1,"2804":0,"2805":0,"2806":0,"2807":0,"2808":0,"2809":0,"2810":0,"2811":0,"2815":1,"2816":0,"2819":1,"2820":0,"2821":0,"2824":1,"2835":1,"2836":0,"2837":0,"2838":0,"2839":0,"2840":0,"2847":1,"2848":0,"2849":0,"2850":0,"2853":1,"2854":1,"2855":1,"2856":0,"2857":0,"2858":0,"2861":1,"2862":1,"2863":1,"2865":1,"2868":1,"2869":1,"2870":1,"2871":0,"2872":0,"2875":1,"2876":0,"2877":0,"2880":0,"2881":0,"2883":0,"2884":0,"2885":0,"2888":1,"2889":0,"2890":0,"2891":0,"2899":0,"2900":0,"2903":1,"2911":1,"2912":0,"2913":0,"2914":0,"2916":0,"2917":0,"2919":0,"2926":1,"2927":0,"2930":1,"2931":1,"2933":1,"2934":0,"2935":0,"2936":0,"2939":1,"2940":0,"2941":0,"2942":0,"2945":1,"2949":1,"2950":1,"2951":0,"2952":0,"2953":0,"2954":0,"2955":0,"2956":0,"2957":0,"2960":1,"2962":1,"2963":0,"2964":0,"2965":0,"2966":0,"2969":1,"2970":0,"2971":0,"2972":0,"2974":0,"2977":1,"2978":1,"2980":1,"2981":0,"2982":0,"2983":0,"2986":1,"2988":1,"2989":1,"2990":1,"2991":0,"2992":0,"2993":0,"2995":0,"2996":0,"3000":1,"3009":1,"3010":0,"3020":1,"3021":0,"3022":0,"3023":0,"3024":0,"3025":0,"3026":0,"3027":0,"3029":0,"3030":0,"3032":0,"3033":0,"3035":0,"3038":1,"3039":0,"3040":0,"3041":0,"3043":1,"3044":1,"3046":1,"3047":1,"3048":1,"3049":0,"3050":0,"3053":1,"3054":0,"3058":0,"3059":0,"3061":0,"3064":1,"3067":1,"3068":1,"3069":1,"3070":0,"3071":0,"3072":0,"3075":1,"3076":0,"3077":0,"3078":0,"3079":0,"3081":0,"3085":1,"3086":0,"3087":0,"3090":0,"3091":0,"3094":1,"3095":0,"3096":0,"3097":0,"3100":1,"3101":0,"3102":0,"3105":1,"3106":1,"3107":0,"3108":0,"3109":0,"3110":0,"3113":1,"3114":1,"3115":0,"3116":0,"3117":0,"3119":1,"3120":0,"3121":0,"3124":1,"3138":1,"3139":0,"3140":0,"3141":0,"3143":0,"3144":0,"3145":0,"3147":0,"3148":0,"3151":1,"3152":1,"3154":1,"3155":0,"3156":0,"3159":1,"3160":0,"3161":0,"3162":0,"3163":0,"3166":1,"3169":1,"3170":1,"3171":0,"3172":0,"3173":0,"3174":0,"3177":1,"3179":1,"3180":0,"3181":0,"3182":0,"3183":0,"3186":1,"3187":0,"3190":1,"3191":0,"3192":0,"3195":1,"3196":0,"3197":0,"3198":0,"3201":1,"3203":1,"3204":0,"3206":1,"3207":0,"3209":1,"3210":0,"3211":0,"3214":1,"3221":1,"3222":0,"3225":1,"3226":1,"3228":1,"3229":0,"3230":0,"3231":0,"3232":0,"3235":1,"3236":0,"3237":0,"3239":0,"3241":0,"3242":0,"3244":0,"3247":1,"3250":1,"3251":1,"3252":1,"3253":0,"3254":0,"3255":0,"3258":1,"3259":0,"3262":1,"3263":0,"3266":1,"3267":0,"3270":1,"3273":1,"3274":1,"3275":1,"3276":0,"3277":0,"3278":0,"3279":0,"3282":1,"3283":0,"3284":0,"3287":1,"3288":0,"3291":1,"3292":0,"3295":1,"3303":1,"3304":0,"3307":1,"3308":1,"3309":1,"3310":0,"3311":0,"3314":1,"3315":0,"3316":0,"3319":1,"3320":1,"3321":0,"3322":0,"3323":0,"3324":0,"3325":0,"3326":0,"3329":1,"3330":0,"3331":0,"3332":0,"3333":0,"3334":0,"3337":1,"3338":0,"3341":1,"3342":0,"3343":0,"3346":1,"3347":1,"3348":0,"3349":0,"3350":0,"3352":1,"3353":0,"3356":1,"3357":0,"3360":1,"3361":0,"3362":0,"3363":0,"3367":1,"3374":1,"3375":0,"3378":1,"3379":1,"3381":1,"3382":0,"3383":0,"3384":0,"3387":1,"3388":0,"3394":1,"3397":1,"3398":1,"3399":1,"3400":0,"3401":0,"3404":1,"3405":0,"3408":1,"3409":0,"3412":1,"3414":1,"3422":1,"3423":0,"3426":1,"3427":1,"3428":0,"3429":0,"3430":0,"3433":1,"3434":1,"3435":1,"3436":0,"3437":0,"3438":0,"3439":0,"3442":1,"3443":0,"3444":0,"3450":0,"3451":0,"3452":0,"3453":0,"3454":0,"3455":0,"3458":0,"3459":0,"3460":0,"3462":0,"3465":1,"3468":1,"3469":1,"3470":1,"3471":0,"3472":0,"3473":0,"3474":0,"3477":1,"3478":0,"3479":0,"3480":0,"3483":1,"3484":0,"3487":1,"3489":1,"3492":1,"3493":1,"3494":1,"3495":0,"3496":0,"3497":0,"3498":0,"3501":1,"3502":0,"3503":0,"3504":0,"3505":0,"3506":0,"3509":1,"3510":0,"3513":1,"3514":0,"3517":1,"3524":1,"3525":0,"3527":0,"3528":0,"3529":0,"3530":0,"3532":0,"3535":1,"3536":1,"3538":1,"3539":1,"3540":1,"3541":0,"3542":0,"3543":0,"3546":1,"3547":0,"3552":0,"3553":0,"3554":0,"3555":0,"3556":0,"3559":0,"3562":1,"3565":1,"3566":1,"3567":1,"3568":0,"3569":0,"3570":0,"3571":0,"3572":0,"3573":0,"3576":1,"3577":1,"3578":1,"3579":0,"3580":0,"3584":1,"3585":0,"3586":0,"3587":0,"3588":0,"3589":0,"3590":0,"3591":0,"3592":0,"3596":1,"3597":0,"3600":1,"3601":0,"3602":0,"3605":1,"3613":1,"3614":0,"3616":0,"3617":0,"3618":0,"3619":0,"3621":0,"3622":0,"3624":0,"3633":1,"3634":0,"3635":0,"3636":0,"3637":0,"3639":0,"3640":0,"3643":1,"3644":1,"3645":1,"3646":0,"3647":0,"3648":0,"3651":1,"3652":1,"3653":1,"3654":0,"3655":0,"3656":0,"3659":1,"3660":0,"3662":0,"3669":0,"3670":0,"3671":0,"3672":0,"3674":0,"3675":0,"3679":0,"3682":1,"3685":1,"3686":1,"3687":1,"3688":0,"3689":0,"3690":0,"3693":1,"3694":1,"3695":1,"3696":0,"3697":0,"3701":1,"3702":0,"3703":0,"3704":0,"3706":0,"3707":0,"3708":0,"3709":0,"3713":1,"3715":1,"3716":0,"3717":0,"3720":1,"3728":1,"3729":0,"3731":0,"3732":0,"3733":0,"3735":0,"3736":0,"3737":0,"3740":1,"3741":0,"3748":1,"3749":0,"3752":1,"3753":1,"3754":1,"3755":0,"3756":0,"3759":1,"3760":0,"3763":1,"3766":1,"3767":1,"3769":1,"3770":0,"3771":0,"3774":1,"3775":1,"3776":1,"3778":1,"3785":1,"3786":0,"3789":1,"3790":1,"3791":1,"3792":0,"3793":0,"3794":0,"3795":0,"3798":1,"3799":0,"3802":1,"3805":1,"3806":1,"3807":1,"3808":0,"3809":0,"3810":0,"3811":0,"3812":0,"3813":0,"3816":1,"3817":0,"3818":0,"3819":0,"3820":0,"3822":0,"3823":0,"3824":0,"3826":0,"3827":0,"3828":0,"3829":0,"3832":1,"3833":0,"3835":1,"3836":0,"3839":1,"3848":1,"3849":0,"3850":0,"3853":1,"3854":1,"3855":1,"3856":0,"3857":0,"3858":0,"3859":0,"3860":0,"3863":1,"3864":0,"3867":1,"3868":1,"3869":0,"3870":0,"3873":0,"3874":0,"3876":1,"3877":0,"3878":0,"3879":0,"3881":1,"3882":0,"3883":0,"3884":0,"3886":1,"3887":0,"3888":0,"3889":0,"3892":1,"3903":1,"3904":0,"3914":1,"3915":0,"3925":1,"3926":0,"3936":1,"3937":0,"3940":1,"3941":1,"3942":1,"3943":0,"3944":0,"3945":0,"3948":1,"3949":0,"3950":0,"3951":0,"3952":0,"3955":0,"3958":1,"3959":0,"3960":0,"3961":0,"3963":1,"3964":0,"3965":0,"3966":0,"3967":0,"3971":1,"3980":1,"3981":0,"3984":1,"3985":1,"3987":1,"3988":0,"3989":0,"3992":1,"3993":0,"3996":1,"3997":0,"3998":0,"4000":1,"4001":1,"4002":0,"4003":0,"4004":0,"4007":1,"4008":0,"4009":0,"4010":0,"4013":1,"4014":1,"4015":0,"4016":0,"4017":0,"4018":0,"4021":0,"4024":1,"4031":1,"4032":0,"4035":1,"4036":1,"4037":1,"4038":0,"4039":0,"4042":1,"4043":0,"4046":1,"4049":1,"4050":1,"4052":1,"4053":0,"4054":0,"4057":1,"4058":1,"4059":1,"4061":1,"4068":1,"4069":0,"4077":1,"4078":0,"4091":1,"4092":0,"4095":1,"4096":0,"4098":0,"4100":0,"4107":1,"4108":1,"4109":0,"4112":0,"4113":0,"4114":0,"4120":1,"4121":0,"4122":0,"4123":0,"4126":1,"4128":1,"4129":0,"4134":0,"4136":0,"4139":0,"4140":0,"4141":0,"4143":0,"4144":0,"4145":0,"4147":0,"4149":0,"4153":0,"4154":0,"4156":0,"4157":0,"4158":0,"4159":0,"4160":0,"4162":0,"4163":0,"4165":0,"4168":0,"4169":0,"4171":0,"4174":0,"4177":1,"4180":1,"4181":0,"4184":1,"4185":0,"4187":0,"4189":0,"4196":1,"4197":1,"4198":0,"4201":0,"4202":0,"4203":0,"4209":1,"4210":0,"4211":0,"4212":0,"4215":1,"4217":1,"4218":0,"4223":0,"4225":0,"4228":0,"4229":0,"4230":0,"4232":0,"4233":0,"4234":0,"4236":0,"4238":0,"4242":0,"4243":0,"4245":0,"4246":0,"4247":0,"4248":0,"4249":0,"4250":0,"4252":0,"4253":0,"4255":0,"4258":0,"4259":0,"4263":0,"4266":1,"4269":1,"4270":0,"4273":1,"4274":1,"4275":1,"4276":0,"4277":0,"4278":0,"4279":0,"4280":0,"4283":1,"4284":0,"4287":1,"4290":1,"4291":1,"4292":1,"4293":0,"4294":0,"4295":0,"4296":0,"4297":0,"4298":0,"4299":0,"4300":0,"4301":0,"4302":0,"4305":1,"4306":0,"4307":0,"4308":0,"4310":0,"4311":0,"4313":0,"4314":0,"4315":0,"4318":1,"4319":0,"4322":1,"4323":0,"4324":0,"4327":1,"4337":1,"4338":0,"4339":0,"4340":0,"4341":0,"4343":0,"4346":1,"4347":1,"4348":1,"4349":0,"4350":0,"4351":0,"4354":1,"4355":0,"4358":1,"4361":1,"4362":1,"4363":1,"4364":0,"4365":0,"4366":0,"4367":0,"4370":1,"4371":0,"4372":0,"4375":1,"4376":0,"4379":1,"4380":0,"4383":1,"4394":1,"4395":0,"4396":0,"4407":1,"4408":0,"4409":0,"4410":0,"4411":0,"4413":0,"4415":0,"4416":0,"4419":1,"4420":1,"4421":1,"4422":0,"4423":0,"4424":0,"4425":0,"4428":1,"4429":0,"4430":0,"4433":1,"4434":0,"4437":1,"4438":0,"4439":0,"4442":1,"4453":1,"4454":0,"4455":0,"4456":0,"4457":0,"4461":1,"4462":0,"4464":1,"4465":1,"4467":1,"4468":0,"4469":0,"4470":0,"4473":1,"4474":0,"4477":1,"4478":0,"4481":1,"4482":0,"4485":1,"4486":1,"4487":0,"4488":0,"4489":0,"4490":0,"4491":0,"4494":1,"4495":0,"4496":0,"4497":0,"4500":1,"4501":0,"4504":1,"4505":0,"4508":1,"4518":1,"4519":0,"4520":0,"4525":1,"4526":0,"4527":0,"4528":0,"4529":0,"4530":0,"4531":0,"4533":0,"4536":0,"4546":1,"4547":0,"4548":0,"4549":0,"4550":0,"4553":1,"4554":0,"4557":1,"4558":0,"4560":1,"4561":1,"4562":1,"4563":0,"4564":0,"4565":0,"4568":1,"4569":0,"4572":1,"4573":0,"4574":0,"4575":0,"4578":1,"4580":1,"4581":0,"4582":0,"4584":0,"4587":1,"4588":1,"4590":1,"4598":1,"4599":0,"4600":0,"4603":1,"4604":1,"4605":1,"4606":0,"4607":0,"4608":0,"4611":1,"4612":0,"4615":1,"4618":1,"4619":1,"4621":1,"4622":0,"4623":0,"4624":0,"4625":0,"4626":0,"4629":1,"4630":0,"4631":0,"4632":0,"4633":0,"4635":0,"4637":1,"4638":1,"4640":1,"4653":1,"4654":0,"4655":0,"4658":1,"4659":1,"4660":1,"4661":0,"4662":0,"4663":0,"4666":1,"4667":0,"4670":1,"4671":0,"4672":0,"4673":0,"4674":0,"4677":1,"4679":1,"4680":0,"4681":0,"4682":0,"4686":1,"4687":1,"4689":1,"4698":1,"4699":0,"4700":0,"4701":0,"4704":1,"4705":1,"4706":1,"4707":0,"4708":0,"4709":0,"4712":1,"4713":0,"4716":1,"4719":1,"4720":1,"4722":1,"4723":0,"4724":0,"4725":0,"4726":0,"4727":0,"4730":1,"4731":0,"4732":0,"4733":0,"4735":0,"4736":0,"4738":0,"4741":1,"4742":1,"4744":1,"4754":1,"4755":0,"4756":0,"4759":1,"4760":1,"4762":1,"4763":0,"4764":0,"4765":0,"4768":1,"4769":0,"4772":1,"4773":0,"4776":1,"4777":0,"4780":1,"4781":1,"4782":0,"4783":0,"4784":0,"4785":0,"4786":0,"4789":1,"4790":0,"4791":0,"4792":0,"4794":0,"4797":1,"4798":0,"4801":1,"4802":0,"4805":1,"4815":1,"4816":0,"4820":1,"4821":0,"4823":0,"4824":0,"4826":0,"4829":1,"4830":0,"4831":0,"4832":0,"4834":0,"4835":0,"4836":0,"4837":0,"4839":0,"4840":0,"4842":0,"4846":0,"4858":1,"4859":0,"4860":0,"4862":0,"4863":0,"4864":0,"4868":1,"4869":0,"4871":0,"4872":0,"4874":0,"4877":1,"4878":0,"4879":0,"4880":0,"4882":0,"4883":0,"4885":0,"4886":0,"4887":0,"4888":0,"4890":0,"4891":0,"4893":0,"4897":0,"4908":1,"4909":0,"4910":0,"4911":0,"4912":0,"4913":0,"4917":1,"4918":0,"4921":0,"4923":0,"4927":1,"4928":0,"4929":0,"4930":0,"4931":0,"4932":0,"4934":1,"4935":0,"4936":0,"4937":0,"4941":1,"4942":0,"4945":0,"4946":0,"4947":0,"4948":0,"4950":0,"4951":0,"4954":0,"4960":1,"4962":1,"4963":1,"4964":1,"4965":0,"4966":0,"4967":0,"4968":0,"4971":1,"4972":0,"4973":0,"4974":0,"4975":0,"4976":0,"4978":0,"4982":1,"4983":0,"4989":1,"4999":1,"5001":0,"5002":0,"5003":0,"5004":0,"5009":0,"5011":0,"5012":0,"5013":0,"5014":0,"5019":0,"5022":1,"5023":1,"5024":1,"5025":0,"5026":0,"5027":0,"5028":0,"5031":1,"5032":0,"5033":0,"5034":0,"5035":0,"5036":0,"5038":0,"5042":1,"5043":0,"5044":0,"5045":0,"5048":1,"5049":0,"5050":0,"5051":0,"5052":0,"5055":1,"5056":0,"5057":0,"5058":0,"5062":1,"5072":1,"5073":0,"5076":1,"5077":1,"5078":1,"5079":0,"5080":0,"5081":0,"5084":1,"5085":0,"5086":0,"5087":0,"5090":1,"5091":0,"5092":0,"5095":1,"5096":0,"5098":0,"5100":0,"5102":0,"5105":0,"5108":1,"5116":1,"5117":0,"5118":0,"5132":1,"5133":0,"5134":0,"5135":0,"5136":0,"5138":0,"5139":0,"5140":0,"5142":0,"5152":1,"5153":0,"5154":0,"5155":0,"5158":1,"5159":1,"5160":1,"5161":0,"5162":0,"5163":0,"5164":0,"5167":1,"5168":0,"5169":0,"5172":1,"5192":1,"5193":0,"5209":1,"5210":0,"5211":0,"5220":1,"5221":0,"5235":1,"5236":0,"5237":0,"5253":1,"5254":0,"5256":0,"5267":1,"5268":0,"5287":1,"5288":0,"5289":0,"5308":1,"5309":0,"5312":1,"5313":1,"5314":1,"5315":0,"5316":0,"5317":0,"5318":0,"5321":1,"5322":0,"5323":0,"5324":0,"5327":1,"5328":0,"5329":0,"5330":0,"5333":1,"5334":0,"5335":0,"5336":0,"5337":0,"5341":1,"5344":1,"5345":1,"5346":1,"5347":0,"5348":0,"5349":0,"5350":0,"5351":0,"5354":1,"5355":0,"5356":0,"5359":1,"5360":0,"5361":0,"5362":0,"5363":0,"5367":1,"5368":0,"5369":0,"5370":0,"5372":0,"5375":1,"5376":0,"5379":1,"5380":0,"5383":1,"5386":1,"5387":1,"5388":1,"5389":0,"5390":0,"5391":0,"5394":1,"5395":0,"5398":1,"5399":0,"5400":0,"5403":1,"5406":1,"5407":0,"5410":1,"5411":0,"5412":0,"5413":0,"5414":0,"5415":0,"5416":0,"5417":0,"5419":0,"5420":0,"5425":1,"5426":0,"5428":0,"5429":0,"5430":0,"5434":0,"5449":1,"5450":0,"5460":1,"5461":0,"5462":0,"5463":0,"5464":0,"5465":0,"5466":0,"5468":0,"5469":0,"5471":0,"5472":0,"5474":0,"5477":1,"5478":0,"5479":0,"5485":0,"5486":0,"5487":0,"5488":0,"5489":0,"5490":0,"5491":0,"5493":0,"5494":0,"5495":0,"5497":0,"5498":0,"5499":0,"5501":0,"5502":0,"5503":0,"5504":0,"5505":0,"5506":0,"5508":0,"5509":0,"5510":0,"5511":0,"5512":0,"5514":0,"5515":0,"5518":0,"5519":0,"5520":0,"5521":0,"5522":0,"5524":0,"5526":0,"5527":0,"5528":0,"5529":0,"5530":0,"5531":0,"5537":0,"5541":1,"5542":0,"5543":0,"5547":1,"5548":0,"5549":0,"5550":0,"5552":0,"5553":0,"5555":0,"5556":0,"5558":1,"5559":0,"5561":0,"5562":0,"5563":0,"5564":0,"5565":0,"5567":0,"5568":0,"5569":0,"5571":0,"5573":0,"5574":0,"5575":0,"5579":0,"5581":0,"5582":0,"5583":0,"5588":1,"5589":0,"5592":0,"5593":0,"5595":0,"5598":0,"5610":1,"5611":0,"5612":0,"5613":0,"5614":0,"5615":0,"5618":0,"5619":0,"5621":0,"5625":1,"5626":1,"5627":1,"5628":0,"5629":0,"5630":0,"5631":0,"5632":0,"5635":1,"5636":0,"5637":0,"5642":1,"5645":1,"5646":1,"5647":1,"5648":0,"5649":0,"5650":0,"5651":0,"5652":0,"5653":0,"5654":0,"5655":0,"5658":1,"5659":0,"5660":0,"5663":1,"5664":0,"5665":0,"5666":0,"5667":0,"5668":0,"5669":0,"5670":0,"5674":1,"5675":0,"5676":0,"5677":0,"5678":0,"5681":1,"5682":0,"5683":0,"5684":0,"5685":0,"5686":0,"5689":1,"5692":1,"5693":0,"5694":0,"5695":0,"5697":0,"5698":0,"5700":0,"5702":0,"5703":0,"5704":0,"5705":0,"5706":0,"5707":0,"5709":0,"5710":0,"5711":0,"5713":0,"5715":0,"5716":0,"5717":0,"5722":0,"5723":0,"5724":0,"5725":0,"5728":0,"5729":0,"5730":0,"5731":0,"5732":0,"5735":0,"5739":1,"5740":0,"5741":0,"5742":0,"5743":0,"5745":0,"5749":1,"5750":1,"5751":1,"5752":0,"5753":0,"5754":0,"5757":1,"5758":0,"5761":1,"5764":1,"5765":1,"5766":1,"5767":0,"5768":0,"5769":0,"5772":1,"5773":0,"5776":1,"5777":0,"5780":1,"5781":0,"5784":1,"5797":1,"5798":0,"5799":0,"5802":1,"5803":1,"5804":1,"5805":0,"5806":0,"5807":0,"5810":1,"5811":0,"5819":0,"5820":0,"5826":1,"5829":1,"5830":1,"5831":1,"5832":0,"5833":0,"5836":1,"5837":0,"5838":0,"5839":0,"5841":0,"5844":1,"5845":1,"5846":1,"5848":1,"5851":1,"5852":1,"5853":1,"5854":0,"5855":0,"5858":1,"5859":0,"5860":0,"5862":1,"5863":1,"5864":0,"5865":0,"5868":1,"5883":1,"5884":0,"5885":0,"5890":1,"5891":0,"5892":0,"5893":0,"5895":1,"5897":1,"5898":0,"5899":0,"5900":0,"5901":0,"5903":0,"5904":0,"5905":0,"5909":0,"5911":0,"5913":1,"5914":0,"5916":1,"5917":0,"5918":0,"5921":0,"5922":0,"5923":0,"5924":0,"5926":0,"5928":0,"5932":0,"5934":1,"5935":0,"5936":0,"5937":0,"5940":0,"5941":0,"5942":0,"5943":0,"5944":0,"5945":0,"5948":0,"5950":0,"5952":0,"5956":1,"5957":0,"5958":0,"5959":0,"5961":0,"5962":0,"5963":0,"5964":0,"5965":0,"5971":0,"5973":1,"5974":0,"5975":0,"5976":0,"5977":0,"5978":0,"5979":0,"5984":0,"5986":0,"5987":0,"5988":0,"5989":0,"5990":0,"5993":0,"5994":0,"5995":0,"5998":0,"5999":0,"6000":0,"6003":0,"6007":1,"6008":0,"6009":0,"6010":0,"6011":0,"6012":0,"6014":0,"6024":1,"6025":0,"6026":0,"6027":0,"6028":0,"6029":0,"6030":0,"6031":0,"6033":0,"6034":0,"6035":0,"6036":0,"6038":0,"6043":1,"6044":1,"6045":1,"6046":0,"6047":0,"6049":0,"6050":0,"6052":0,"6055":0,"6058":1,"6059":0,"6063":0,"6064":0,"6065":0,"6067":0,"6068":0,"6072":0,"6075":1,"6076":0,"6079":1,"6080":0,"6083":1,"6095":1,"6096":0,"6099":1,"6100":0,"6101":0,"6107":1,"6108":0,"6109":0,"6110":0,"6111":0,"6112":0,"6113":0,"6114":0,"6116":0,"6119":0,"6122":0,"6125":0,"6126":0,"6128":0,"6132":0,"6133":0,"6137":0,"6139":0,"6141":0,"6142":0,"6148":1,"6149":1,"6150":1,"6151":0,"6152":0,"6154":0,"6155":0,"6157":0,"6160":0,"6163":1,"6164":0,"6166":1,"6168":0,"6173":0,"6177":0,"6178":0,"6180":0,"6182":0,"6184":0,"6185":0,"6187":0,"6192":0,"6193":0,"6196":0,"6197":0,"6200":0,"6203":1,"6204":0,"6207":1,"6208":0,"6211":1,"6224":1,"6225":0,"6228":1,"6229":1,"6230":1,"6231":0,"6232":0,"6233":0,"6236":1,"6237":0,"6240":1,"6241":0,"6244":1,"6248":1,"6249":1,"6250":1,"6251":0,"6253":0,"6254":0,"6255":0,"6256":0,"6257":0,"6258":0,"6259":0,"6260":0,"6261":0,"6262":0,"6265":1,"6267":0,"6270":0,"6271":0,"6272":0,"6273":0,"6275":0,"6279":0,"6280":0,"6281":0,"6282":0,"6283":0,"6285":0,"6289":0,"6290":0,"6292":0,"6293":0,"6297":0,"6298":0,"6299":0,"6300":0,"6301":0,"6302":0,"6304":0,"6305":0,"6310":0,"6313":0,"6314":0,"6316":0,"6318":0,"6319":0,"6320":0,"6321":0,"6323":0,"6324":0,"6332":0,"6335":0,"6336":0,"6337":0,"6342":1,"6354":1,"6356":0,"6357":0,"6358":0,"6361":0,"6362":0,"6370":1,"6371":0,"6373":1,"6374":0,"6377":0,"6379":0,"6381":0,"6384":0,"6388":0,"6389":0,"6392":0,"6394":0,"6397":1,"6398":1,"6399":1,"6400":0,"6401":0,"6402":0,"6405":1,"6406":0,"6407":0,"6410":1,"6412":1,"6413":0,"6416":1,"6419":1,"6420":0,"6422":0,"6425":0,"6428":0,"6438":1,"6439":0,"6440":0,"6441":0,"6442":0,"6446":1,"6447":1,"6450":1,"6451":0,"6455":1,"6456":0,"6457":0,"6458":0,"6459":0,"6462":1,"6463":0,"6464":0,"6465":0,"6468":1,"6469":0,"6471":0,"6472":0,"6474":0,"6476":0,"6479":1,"6483":1,"6484":1,"6486":1,"6487":0,"6488":0,"6489":0,"6492":1,"6494":1,"6495":0,"6496":0,"6497":0,"6498":0,"6502":1,"6503":0,"6504":0,"6505":0,"6508":1,"6509":0,"6510":0,"6511":0,"6514":1,"6515":1,"6517":1,"6518":0,"6519":0,"6522":1,"6525":1,"6526":0,"6527":0,"6530":1,"6531":0,"6532":0,"6533":0,"6534":0,"6542":1,"6543":1,"6544":1,"6545":0,"6546":0,"6547":0,"6548":0,"6549":0,"6552":1,"6554":0,"6555":0,"6556":0,"6557":0,"6559":0,"6560":0,"6561":0,"6563":0,"6564":0,"6570":0,"6575":0,"6576":0,"6577":0,"6578":0,"6579":0,"6582":0,"6590":0,"6591":0,"6592":0,"6593":0,"6594":0,"6595":0,"6596":0,"6599":0,"6607":0,"6608":0,"6609":0,"6610":0,"6618":0,"6619":0,"6629":1,"6630":0,"6633":1,"6640":1,"6641":1,"6647":1,"6648":0,"6649":0,"6650":0,"6651":0,"6652":0,"6653":0,"6656":1,"6658":0,"6660":0,"6661":0,"6662":0,"6665":0,"6666":0,"6667":0,"6668":0,"6669":0,"6671":0,"6674":0,"6680":0,"6685":0,"6686":0,"6687":0,"6688":0,"6689":0,"6691":0,"6692":0,"6693":0,"6694":0,"6695":0,"6698":0,"6699":0,"6703":0,"6711":0,"6712":0,"6713":0,"6714":0,"6715":0,"6717":0,"6718":0,"6721":0,"6729":0,"6730":0,"6731":0,"6732":0,"6738":0,"6739":0,"6740":0,"6741":0,"6745":1,"6748":1,"6749":1,"6750":1,"6751":0,"6752":0,"6753":0,"6756":1,"6758":0,"6761":0,"6764":0,"6767":0,"6771":1,"6778":1,"6779":1,"6780":1,"6781":0,"6782":0,"6783":0,"6784":0,"6785":0,"6786":0,"6789":1,"6791":0,"6792":0,"6793":0,"6794":0,"6795":0,"6797":0,"6798":0,"6800":0,"6802":0,"6812":0,"6813":0,"6814":0,"6820":0,"6825":0,"6826":0,"6827":0,"6828":0,"6829":0,"6832":0,"6839":0,"6840":0,"6841":0,"6842":0,"6843":0,"6845":0,"6846":0,"6849":0,"6856":0,"6857":0,"6858":0,"6859":0,"6860":0,"6867":0,"6868":0,"6869":0,"6870":0,"6874":1,"6881":1,"6883":1,"6885":1,"6886":0,"6887":0,"6888":0,"6892":1,"6900":1,"6901":0,"6902":0,"6903":0,"6904":0,"6905":0,"6906":0,"6907":0,"6908":0,"6909":0,"6910":0,"6913":1,"6915":0,"6916":0,"6918":0,"6919":0,"6921":0,"6922":0,"6925":0,"6926":0,"6927":0,"6928":0,"6931":0,"6932":0,"6938":0,"6940":0,"6941":0,"6943":0,"6944":0,"6952":0,"6953":0,"6954":0,"6955":0,"6956":0,"6958":0,"6959":0,"6960":0,"6961":0,"6969":0,"6970":0,"6971":0,"6972":0,"6973":0,"6974":0,"6975":0,"6976":0,"6977":0,"6978":0,"6979":0,"6981":0,"6987":0,"6988":0,"6989":0,"6990":0,"6991":0,"6992":0,"6993":0,"6994":0,"6995":0,"6997":0,"7003":0,"7004":0,"7008":1,"7014":1,"7015":1,"7016":1,"7017":0,"7023":1,"7028":1,"7030":1,"7033":1,"7034":0,"7036":0,"7037":0,"7039":1,"7041":1,"7042":1,"7044":0,"7048":0,"7052":1}}}